{"/Users/ktythaung/Desktop/ktm-cargo-express/src/App.jsx": {"path":"/Users/ktythaung/Desktop/ktm-cargo-express/src/App.jsx","statementMap":{"0":{"start":{"line":8,"column":20},"end":{"line":17,"column":2}},"1":{"start":{"line":20,"column":2},"end":{"line":27,"column":4}}},"fnMap":{"0":{"name":"App","decl":{"start":{"line":19,"column":9},"end":{"line":19,"column":12}},"loc":{"start":{"line":19,"column":15},"end":{"line":28,"column":1}},"line":19}},"branchMap":{},"s":{"0":1,"1":1},"f":{"0":1},"b":{},"_coverageSchema":"1a1c01bbd47fc00a2c39e90264f33305004495a9","hash":"dba0268b648f426f3990701ad8cf6099af739821"}
,"/Users/ktythaung/Desktop/ktm-cargo-express/src/api/db.js": {"path":"/Users/ktythaung/Desktop/ktm-cargo-express/src/api/db.js","statementMap":{"0":{"start":{"line":5,"column":2},"end":{"line":7,"column":78}},"1":{"start":{"line":20,"column":2},"end":{"line":34,"column":5}},"2":{"start":{"line":37,"column":21},"end":{"line":37,"column":106}},"3":{"start":{"line":38,"column":22},"end":{"line":38,"column":91}},"4":{"start":{"line":40,"column":20},"end":{"line":40,"column":65}},"5":{"start":{"line":41,"column":2},"end":{"line":41,"column":35}},"6":{"start":{"line":42,"column":2},"end":{"line":42,"column":30}},"7":{"start":{"line":45,"column":2},"end":{"line":49,"column":3}},"8":{"start":{"line":46,"column":4},"end":{"line":46,"column":38}},"9":{"start":{"line":47,"column":4},"end":{"line":47,"column":32}},"10":{"start":{"line":48,"column":4},"end":{"line":48,"column":46}},"11":{"start":{"line":51,"column":2},"end":{"line":51,"column":19}},"12":{"start":{"line":55,"column":18},"end":{"line":60,"column":1}},"13":{"start":{"line":56,"column":2},"end":{"line":56,"column":31}},"14":{"start":{"line":56,"column":19},"end":{"line":56,"column":31}},"15":{"start":{"line":57,"column":17},"end":{"line":57,"column":43}},"16":{"start":{"line":58,"column":17},"end":{"line":58,"column":62}},"17":{"start":{"line":59,"column":2},"end":{"line":59,"column":40}},"18":{"start":{"line":63,"column":42},"end":{"line":123,"column":2}},"19":{"start":{"line":63,"column":78},"end":{"line":123,"column":1}},"20":{"start":{"line":65,"column":16},"end":{"line":65,"column":61}},"21":{"start":{"line":67,"column":4},"end":{"line":70,"column":5}},"22":{"start":{"line":68,"column":36},"end":{"line":68,"column":57}},"23":{"start":{"line":69,"column":6},"end":{"line":69,"column":49}},"24":{"start":{"line":72,"column":4},"end":{"line":74,"column":5}},"25":{"start":{"line":73,"column":6},"end":{"line":73,"column":33}},"26":{"start":{"line":76,"column":28},"end":{"line":76,"column":39}},"27":{"start":{"line":77,"column":4},"end":{"line":77,"column":59}},"28":{"start":{"line":77,"column":15},"end":{"line":77,"column":59}},"29":{"start":{"line":78,"column":4},"end":{"line":78,"column":22}},"30":{"start":{"line":82,"column":28},"end":{"line":86,"column":15}},"31":{"start":{"line":87,"column":4},"end":{"line":87,"column":66}},"32":{"start":{"line":87,"column":15},"end":{"line":87,"column":66}},"33":{"start":{"line":88,"column":4},"end":{"line":88,"column":16}},"34":{"start":{"line":92,"column":16},"end":{"line":92,"column":61}},"35":{"start":{"line":95,"column":4},"end":{"line":108,"column":7}},"36":{"start":{"line":96,"column":6},"end":{"line":107,"column":7}},"37":{"start":{"line":99,"column":8},"end":{"line":103,"column":9}},"38":{"start":{"line":100,"column":10},"end":{"line":100,"column":58}},"39":{"start":{"line":102,"column":10},"end":{"line":102,"column":69}},"40":{"start":{"line":106,"column":8},"end":{"line":106,"column":37}},"41":{"start":{"line":110,"column":4},"end":{"line":113,"column":5}},"42":{"start":{"line":111,"column":36},"end":{"line":111,"column":57}},"43":{"start":{"line":112,"column":6},"end":{"line":112,"column":49}},"44":{"start":{"line":115,"column":4},"end":{"line":117,"column":5}},"45":{"start":{"line":116,"column":6},"end":{"line":116,"column":33}},"46":{"start":{"line":119,"column":28},"end":{"line":119,"column":39}},"47":{"start":{"line":120,"column":4},"end":{"line":120,"column":74}},"48":{"start":{"line":120,"column":15},"end":{"line":120,"column":74}},"49":{"start":{"line":121,"column":4},"end":{"line":121,"column":22}},"50":{"start":{"line":126,"column":34},"end":{"line":155,"column":2}},"51":{"start":{"line":126,"column":70},"end":{"line":155,"column":1}},"52":{"start":{"line":130,"column":37},"end":{"line":134,"column":15}},"53":{"start":{"line":135,"column":4},"end":{"line":135,"column":71}},"54":{"start":{"line":135,"column":15},"end":{"line":135,"column":71}},"55":{"start":{"line":136,"column":4},"end":{"line":136,"column":19}},"56":{"start":{"line":140,"column":37},"end":{"line":145,"column":15}},"57":{"start":{"line":146,"column":4},"end":{"line":146,"column":78}},"58":{"start":{"line":146,"column":15},"end":{"line":146,"column":78}},"59":{"start":{"line":147,"column":4},"end":{"line":147,"column":19}},"60":{"start":{"line":151,"column":22},"end":{"line":151,"column":74}},"61":{"start":{"line":152,"column":4},"end":{"line":152,"column":69}},"62":{"start":{"line":152,"column":15},"end":{"line":152,"column":69}},"63":{"start":{"line":153,"column":4},"end":{"line":153,"column":16}},"64":{"start":{"line":157,"column":18},"end":{"line":187,"column":1}}},"fnMap":{"0":{"name":"toSafeError","decl":{"start":{"line":18,"column":9},"end":{"line":18,"column":20}},"loc":{"start":{"line":18,"column":69},"end":{"line":52,"column":1}},"line":18},"1":{"name":"(anonymous_1)","decl":{"start":{"line":55,"column":18},"end":{"line":55,"column":19}},"loc":{"start":{"line":55,"column":34},"end":{"line":60,"column":1}},"line":55},"2":{"name":"(anonymous_2)","decl":{"start":{"line":63,"column":42},"end":{"line":63,"column":43}},"loc":{"start":{"line":63,"column":78},"end":{"line":123,"column":1}},"line":63},"3":{"name":"(anonymous_3)","decl":{"start":{"line":64,"column":8},"end":{"line":64,"column":9}},"loc":{"start":{"line":64,"column":37},"end":{"line":79,"column":3}},"line":64},"4":{"name":"(anonymous_4)","decl":{"start":{"line":81,"column":7},"end":{"line":81,"column":8}},"loc":{"start":{"line":81,"column":21},"end":{"line":89,"column":3}},"line":81},"5":{"name":"(anonymous_5)","decl":{"start":{"line":91,"column":10},"end":{"line":91,"column":11}},"loc":{"start":{"line":91,"column":48},"end":{"line":122,"column":3}},"line":91},"6":{"name":"(anonymous_6)","decl":{"start":{"line":95,"column":36},"end":{"line":95,"column":37}},"loc":{"start":{"line":95,"column":54},"end":{"line":108,"column":5}},"line":95},"7":{"name":"(anonymous_7)","decl":{"start":{"line":126,"column":34},"end":{"line":126,"column":35}},"loc":{"start":{"line":126,"column":70},"end":{"line":155,"column":1}},"line":126},"8":{"name":"(anonymous_8)","decl":{"start":{"line":129,"column":10},"end":{"line":129,"column":11}},"loc":{"start":{"line":129,"column":26},"end":{"line":137,"column":3}},"line":129},"9":{"name":"(anonymous_9)","decl":{"start":{"line":139,"column":10},"end":{"line":139,"column":11}},"loc":{"start":{"line":139,"column":33},"end":{"line":148,"column":3}},"line":139},"10":{"name":"(anonymous_10)","decl":{"start":{"line":150,"column":10},"end":{"line":150,"column":11}},"loc":{"start":{"line":150,"column":24},"end":{"line":154,"column":3}},"line":150}},"branchMap":{"0":{"loc":{"start":{"line":5,"column":2},"end":{"line":7,"column":78}},"type":"cond-expr","locations":[{"start":{"line":6,"column":6},"end":{"line":6,"column":21}},{"start":{"line":7,"column":6},"end":{"line":7,"column":78}}],"line":5},"1":{"loc":{"start":{"line":7,"column":6},"end":{"line":7,"column":78}},"type":"binary-expr","locations":[{"start":{"line":7,"column":6},"end":{"line":7,"column":36}},{"start":{"line":7,"column":40},"end":{"line":7,"column":78}}],"line":7},"2":{"loc":{"start":{"line":18,"column":50},"end":{"line":18,"column":67}},"type":"default-arg","locations":[{"start":{"line":18,"column":65},"end":{"line":18,"column":67}}],"line":18},"3":{"loc":{"start":{"line":20,"column":26},"end":{"line":20,"column":106}},"type":"cond-expr","locations":[{"start":{"line":20,"column":51},"end":{"line":20,"column":56}},{"start":{"line":20,"column":59},"end":{"line":20,"column":106}}],"line":20},"4":{"loc":{"start":{"line":20,"column":69},"end":{"line":20,"column":105}},"type":"binary-expr","locations":[{"start":{"line":20,"column":69},"end":{"line":20,"column":83}},{"start":{"line":20,"column":87},"end":{"line":20,"column":105}}],"line":20},"5":{"loc":{"start":{"line":37,"column":21},"end":{"line":37,"column":106}},"type":"binary-expr","locations":[{"start":{"line":37,"column":21},"end":{"line":37,"column":34}},{"start":{"line":37,"column":38},"end":{"line":37,"column":48}},{"start":{"line":37,"column":52},"end":{"line":37,"column":65}},{"start":{"line":37,"column":69},"end":{"line":37,"column":106}}],"line":37},"6":{"loc":{"start":{"line":40,"column":30},"end":{"line":40,"column":64}},"type":"cond-expr","locations":[{"start":{"line":40,"column":40},"end":{"line":40,"column":51}},{"start":{"line":40,"column":54},"end":{"line":40,"column":64}}],"line":40},"7":{"loc":{"start":{"line":45,"column":2},"end":{"line":49,"column":3}},"type":"if","locations":[{"start":{"line":45,"column":2},"end":{"line":49,"column":3}},{"start":{},"end":{}}],"line":45},"8":{"loc":{"start":{"line":56,"column":2},"end":{"line":56,"column":31}},"type":"if","locations":[{"start":{"line":56,"column":2},"end":{"line":56,"column":31}},{"start":{},"end":{}}],"line":56},"9":{"loc":{"start":{"line":58,"column":17},"end":{"line":58,"column":62}},"type":"cond-expr","locations":[{"start":{"line":58,"column":26},"end":{"line":58,"column":49}},{"start":{"line":58,"column":52},"end":{"line":58,"column":62}}],"line":58},"10":{"loc":{"start":{"line":63,"column":54},"end":{"line":63,"column":72}},"type":"default-arg","locations":[{"start":{"line":63,"column":69},"end":{"line":63,"column":72}}],"line":63},"11":{"loc":{"start":{"line":67,"column":4},"end":{"line":70,"column":5}},"type":"if","locations":[{"start":{"line":67,"column":4},"end":{"line":70,"column":5}},{"start":{},"end":{}}],"line":67},"12":{"loc":{"start":{"line":72,"column":4},"end":{"line":74,"column":5}},"type":"if","locations":[{"start":{"line":72,"column":4},"end":{"line":74,"column":5}},{"start":{},"end":{}}],"line":72},"13":{"loc":{"start":{"line":77,"column":4},"end":{"line":77,"column":59}},"type":"if","locations":[{"start":{"line":77,"column":4},"end":{"line":77,"column":59}},{"start":{},"end":{}}],"line":77},"14":{"loc":{"start":{"line":78,"column":11},"end":{"line":78,"column":21}},"type":"binary-expr","locations":[{"start":{"line":78,"column":11},"end":{"line":78,"column":15}},{"start":{"line":78,"column":19},"end":{"line":78,"column":21}}],"line":78},"15":{"loc":{"start":{"line":87,"column":4},"end":{"line":87,"column":66}},"type":"if","locations":[{"start":{"line":87,"column":4},"end":{"line":87,"column":66}},{"start":{},"end":{}}],"line":87},"16":{"loc":{"start":{"line":96,"column":6},"end":{"line":107,"column":7}},"type":"if","locations":[{"start":{"line":96,"column":6},"end":{"line":107,"column":7}},{"start":{"line":104,"column":13},"end":{"line":107,"column":7}}],"line":96},"17":{"loc":{"start":{"line":96,"column":10},"end":{"line":96,"column":62}},"type":"binary-expr","locations":[{"start":{"line":96,"column":10},"end":{"line":96,"column":15}},{"start":{"line":96,"column":19},"end":{"line":96,"column":44}},{"start":{"line":96,"column":48},"end":{"line":96,"column":62}}],"line":96},"18":{"loc":{"start":{"line":99,"column":8},"end":{"line":103,"column":9}},"type":"if","locations":[{"start":{"line":99,"column":8},"end":{"line":103,"column":9}},{"start":{"line":101,"column":15},"end":{"line":103,"column":9}}],"line":99},"19":{"loc":{"start":{"line":110,"column":4},"end":{"line":113,"column":5}},"type":"if","locations":[{"start":{"line":110,"column":4},"end":{"line":113,"column":5}},{"start":{},"end":{}}],"line":110},"20":{"loc":{"start":{"line":115,"column":4},"end":{"line":117,"column":5}},"type":"if","locations":[{"start":{"line":115,"column":4},"end":{"line":117,"column":5}},{"start":{},"end":{}}],"line":115},"21":{"loc":{"start":{"line":120,"column":4},"end":{"line":120,"column":74}},"type":"if","locations":[{"start":{"line":120,"column":4},"end":{"line":120,"column":74}},{"start":{},"end":{}}],"line":120},"22":{"loc":{"start":{"line":121,"column":11},"end":{"line":121,"column":21}},"type":"binary-expr","locations":[{"start":{"line":121,"column":11},"end":{"line":121,"column":15}},{"start":{"line":121,"column":19},"end":{"line":121,"column":21}}],"line":121},"23":{"loc":{"start":{"line":126,"column":46},"end":{"line":126,"column":64}},"type":"default-arg","locations":[{"start":{"line":126,"column":61},"end":{"line":126,"column":64}}],"line":126},"24":{"loc":{"start":{"line":135,"column":4},"end":{"line":135,"column":71}},"type":"if","locations":[{"start":{"line":135,"column":4},"end":{"line":135,"column":71}},{"start":{},"end":{}}],"line":135},"25":{"loc":{"start":{"line":146,"column":4},"end":{"line":146,"column":78}},"type":"if","locations":[{"start":{"line":146,"column":4},"end":{"line":146,"column":78}},{"start":{},"end":{}}],"line":146},"26":{"loc":{"start":{"line":152,"column":4},"end":{"line":152,"column":69}},"type":"if","locations":[{"start":{"line":152,"column":4},"end":{"line":152,"column":69}},{"start":{},"end":{}}],"line":152}},"s":{"0":1,"1":0,"2":0,"3":0,"4":0,"5":0,"6":0,"7":0,"8":0,"9":0,"10":0,"11":0,"12":1,"13":0,"14":0,"15":0,"16":0,"17":0,"18":1,"19":39,"20":2,"21":2,"22":0,"23":0,"24":2,"25":0,"26":2,"27":2,"28":0,"29":2,"30":1,"31":1,"32":0,"33":1,"34":3,"35":3,"36":4,"37":2,"38":2,"39":0,"40":2,"41":3,"42":0,"43":0,"44":3,"45":0,"46":3,"47":3,"48":0,"49":3,"50":1,"51":36,"52":1,"53":1,"54":0,"55":1,"56":1,"57":1,"58":0,"59":1,"60":0,"61":0,"62":0,"63":0,"64":1},"f":{"0":0,"1":0,"2":39,"3":2,"4":1,"5":3,"6":4,"7":36,"8":1,"9":1,"10":0},"b":{"0":[1,0],"1":[0,0],"2":[0],"3":[0,0],"4":[0,0],"5":[0,0,0,0],"6":[0,0],"7":[0,0],"8":[0,0],"9":[0,0],"10":[2],"11":[0,2],"12":[0,2],"13":[0,2],"14":[2,0],"15":[0,1],"16":[2,2],"17":[4,4,2],"18":[2,0],"19":[0,3],"20":[0,3],"21":[0,3],"22":[3,0],"23":[3],"24":[0,1],"25":[0,1],"26":[0,0]},"_coverageSchema":"1a1c01bbd47fc00a2c39e90264f33305004495a9","hash":"2b7f40c04c2815b328e4ac2272c7718e03416c8e"}
,"/Users/ktythaung/Desktop/ktm-cargo-express/src/api/logger.js": {"path":"/Users/ktythaung/Desktop/ktm-cargo-express/src/api/logger.js","statementMap":{"0":{"start":{"line":8,"column":24},"end":{"line":8,"column":69}},"1":{"start":{"line":10,"column":22},"end":{"line":47,"column":1}},"2":{"start":{"line":17,"column":8},"end":{"line":17,"column":37}},"3":{"start":{"line":17,"column":30},"end":{"line":17,"column":37}},"4":{"start":{"line":20,"column":8},"end":{"line":20,"column":55}},"5":{"start":{"line":21,"column":8},"end":{"line":23,"column":9}},"6":{"start":{"line":22,"column":12},"end":{"line":22,"column":58}},"7":{"start":{"line":27,"column":8},"end":{"line":33,"column":11}},"8":{"start":{"line":42,"column":8},"end":{"line":42,"column":37}},"9":{"start":{"line":42,"column":30},"end":{"line":42,"column":37}},"10":{"start":{"line":44,"column":8},"end":{"line":44,"column":61}}},"fnMap":{"0":{"name":"(anonymous_0)","decl":{"start":{"line":16,"column":14},"end":{"line":16,"column":15}},"loc":{"start":{"line":16,"column":41},"end":{"line":34,"column":5}},"line":16},"1":{"name":"(anonymous_1)","decl":{"start":{"line":41,"column":14},"end":{"line":41,"column":15}},"loc":{"start":{"line":41,"column":40},"end":{"line":46,"column":5}},"line":41}},"branchMap":{"0":{"loc":{"start":{"line":8,"column":24},"end":{"line":8,"column":69}},"type":"binary-expr","locations":[{"start":{"line":8,"column":24},"end":{"line":8,"column":61}},{"start":{"line":8,"column":65},"end":{"line":8,"column":69}}],"line":8},"1":{"loc":{"start":{"line":16,"column":22},"end":{"line":16,"column":36}},"type":"default-arg","locations":[{"start":{"line":16,"column":34},"end":{"line":16,"column":36}}],"line":16},"2":{"loc":{"start":{"line":17,"column":8},"end":{"line":17,"column":37}},"type":"if","locations":[{"start":{"line":17,"column":8},"end":{"line":17,"column":37}},{"start":{},"end":{}}],"line":17},"3":{"loc":{"start":{"line":21,"column":8},"end":{"line":23,"column":9}},"type":"if","locations":[{"start":{"line":21,"column":8},"end":{"line":23,"column":9}},{"start":{},"end":{}}],"line":21},"4":{"loc":{"start":{"line":41,"column":26},"end":{"line":41,"column":35}},"type":"default-arg","locations":[{"start":{"line":41,"column":33},"end":{"line":41,"column":35}}],"line":41},"5":{"loc":{"start":{"line":42,"column":8},"end":{"line":42,"column":37}},"type":"if","locations":[{"start":{"line":42,"column":8},"end":{"line":42,"column":37}},{"start":{},"end":{}}],"line":42}},"s":{"0":1,"1":1,"2":0,"3":0,"4":0,"5":0,"6":0,"7":0,"8":0,"9":0,"10":0},"f":{"0":0,"1":0},"b":{"0":[1,1],"1":[0],"2":[0,0],"3":[0,0],"4":[0],"5":[0,0]},"_coverageSchema":"1a1c01bbd47fc00a2c39e90264f33305004495a9","hash":"24e00ecc44e6f543d1d6e5be2c980869484510c0"}
,"/Users/ktythaung/Desktop/ktm-cargo-express/src/components/ErrorBoundary.jsx": {"path":"/Users/ktythaung/Desktop/ktm-cargo-express/src/components/ErrorBoundary.jsx","statementMap":{"0":{"start":{"line":10,"column":4},"end":{"line":10,"column":17}},"1":{"start":{"line":11,"column":4},"end":{"line":18,"column":6}},"2":{"start":{"line":22,"column":4},"end":{"line":22,"column":37}},"3":{"start":{"line":27,"column":4},"end":{"line":27,"column":38}},"4":{"start":{"line":28,"column":4},"end":{"line":28,"column":33}},"5":{"start":{"line":31,"column":25},"end":{"line":50,"column":3}},"6":{"start":{"line":32,"column":4},"end":{"line":32,"column":44}},"7":{"start":{"line":32,"column":37},"end":{"line":32,"column":44}},"8":{"start":{"line":34,"column":4},"end":{"line":34,"column":45}},"9":{"start":{"line":37,"column":4},"end":{"line":49,"column":13}},"10":{"start":{"line":38,"column":6},"end":{"line":41,"column":9}},"11":{"start":{"line":43,"column":6},"end":{"line":47,"column":9}},"12":{"start":{"line":48,"column":6},"end":{"line":48,"column":52}},"13":{"start":{"line":52,"column":16},"end":{"line":61,"column":3}},"14":{"start":{"line":53,"column":4},"end":{"line":59,"column":7}},"15":{"start":{"line":60,"column":4},"end":{"line":60,"column":29}},"16":{"start":{"line":64,"column":4},"end":{"line":125,"column":5}},"17":{"start":{"line":65,"column":6},"end":{"line":124,"column":8}},"18":{"start":{"line":85,"column":37},"end":{"line":85,"column":80}},"19":{"start":{"line":115,"column":37},"end":{"line":115,"column":58}},"20":{"start":{"line":127,"column":4},"end":{"line":127,"column":31}}},"fnMap":{"0":{"name":"(anonymous_0)","decl":{"start":{"line":9,"column":2},"end":{"line":9,"column":3}},"loc":{"start":{"line":9,"column":21},"end":{"line":19,"column":3}},"line":9},"1":{"name":"(anonymous_1)","decl":{"start":{"line":21,"column":2},"end":{"line":21,"column":3}},"loc":{"start":{"line":21,"column":41},"end":{"line":23,"column":3}},"line":21},"2":{"name":"(anonymous_2)","decl":{"start":{"line":25,"column":2},"end":{"line":25,"column":3}},"loc":{"start":{"line":25,"column":38},"end":{"line":29,"column":3}},"line":25},"3":{"name":"(anonymous_3)","decl":{"start":{"line":31,"column":25},"end":{"line":31,"column":26}},"loc":{"start":{"line":31,"column":31},"end":{"line":50,"column":3}},"line":31},"4":{"name":"(anonymous_4)","decl":{"start":{"line":37,"column":15},"end":{"line":37,"column":16}},"loc":{"start":{"line":37,"column":21},"end":{"line":49,"column":5}},"line":37},"5":{"name":"(anonymous_5)","decl":{"start":{"line":52,"column":16},"end":{"line":52,"column":17}},"loc":{"start":{"line":52,"column":22},"end":{"line":61,"column":3}},"line":52},"6":{"name":"(anonymous_6)","decl":{"start":{"line":63,"column":2},"end":{"line":63,"column":3}},"loc":{"start":{"line":63,"column":11},"end":{"line":128,"column":3}},"line":63},"7":{"name":"(anonymous_7)","decl":{"start":{"line":85,"column":30},"end":{"line":85,"column":31}},"loc":{"start":{"line":85,"column":37},"end":{"line":85,"column":80}},"line":85},"8":{"name":"(anonymous_8)","decl":{"start":{"line":115,"column":31},"end":{"line":115,"column":32}},"loc":{"start":{"line":115,"column":37},"end":{"line":115,"column":58}},"line":115}},"branchMap":{"0":{"loc":{"start":{"line":32,"column":4},"end":{"line":32,"column":44}},"type":"if","locations":[{"start":{"line":32,"column":4},"end":{"line":32,"column":44}},{"start":{},"end":{}}],"line":32},"1":{"loc":{"start":{"line":64,"column":4},"end":{"line":125,"column":5}},"type":"if","locations":[{"start":{"line":64,"column":4},"end":{"line":125,"column":5}},{"start":{},"end":{}}],"line":64},"2":{"loc":{"start":{"line":77,"column":13},"end":{"line":106,"column":13}},"type":"cond-expr","locations":[{"start":{"line":78,"column":14},"end":{"line":101,"column":20}},{"start":{"line":103,"column":14},"end":{"line":105,"column":20}}],"line":77},"3":{"loc":{"start":{"line":94,"column":30},"end":{"line":94,"column":87}},"type":"binary-expr","locations":[{"start":{"line":94,"column":30},"end":{"line":94,"column":56}},{"start":{"line":94,"column":60},"end":{"line":94,"column":87}}],"line":94},"4":{"loc":{"start":{"line":97,"column":21},"end":{"line":97,"column":78}},"type":"cond-expr","locations":[{"start":{"line":97,"column":50},"end":{"line":97,"column":62}},{"start":{"line":97,"column":65},"end":{"line":97,"column":78}}],"line":97},"5":{"loc":{"start":{"line":98,"column":21},"end":{"line":98,"column":85}},"type":"binary-expr","locations":[{"start":{"line":98,"column":21},"end":{"line":98,"column":48}},{"start":{"line":98,"column":52},"end":{"line":98,"column":85}}],"line":98},"6":{"loc":{"start":{"line":108,"column":13},"end":{"line":113,"column":13}},"type":"binary-expr","locations":[{"start":{"line":108,"column":13},"end":{"line":108,"column":51}},{"start":{"line":108,"column":55},"end":{"line":108,"column":71}},{"start":{"line":109,"column":14},"end":{"line":112,"column":20}}],"line":108}},"s":{"0":1,"1":1,"2":0,"3":0,"4":0,"5":1,"6":0,"7":0,"8":0,"9":0,"10":0,"11":0,"12":0,"13":1,"14":0,"15":0,"16":1,"17":0,"18":0,"19":0,"20":1},"f":{"0":1,"1":0,"2":0,"3":0,"4":0,"5":0,"6":1,"7":0,"8":0},"b":{"0":[0,0],"1":[0,1],"2":[0,0],"3":[0,0],"4":[0,0],"5":[0,0],"6":[0,0,0]},"_coverageSchema":"1a1c01bbd47fc00a2c39e90264f33305004495a9","hash":"183925731310477677c2b8827250f15946c7ce26"}
,"/Users/ktythaung/Desktop/ktm-cargo-express/src/components/documents/DocumentGenerator.jsx": {"path":"/Users/ktythaung/Desktop/ktm-cargo-express/src/components/documents/DocumentGenerator.jsx","statementMap":{"0":{"start":{"line":19,"column":2},"end":{"line":19,"column":29}},"1":{"start":{"line":19,"column":19},"end":{"line":19,"column":29}},"2":{"start":{"line":20,"column":12},"end":{"line":20,"column":23}},"3":{"start":{"line":21,"column":2},"end":{"line":26,"column":28}},"4":{"start":{"line":29,"column":22},"end":{"line":34,"column":1}},"5":{"start":{"line":37,"column":38},"end":{"line":37,"column":52}},"6":{"start":{"line":38,"column":36},"end":{"line":38,"column":48}},"7":{"start":{"line":40,"column":25},"end":{"line":47,"column":3}},"8":{"start":{"line":41,"column":4},"end":{"line":41,"column":27}},"9":{"start":{"line":43,"column":4},"end":{"line":43,"column":49}},"10":{"start":{"line":43,"column":29},"end":{"line":43,"column":47}},"11":{"start":{"line":44,"column":4},"end":{"line":44,"column":42}},"12":{"start":{"line":45,"column":4},"end":{"line":45,"column":24}},"13":{"start":{"line":46,"column":4},"end":{"line":46,"column":26}},"14":{"start":{"line":49,"column":28},"end":{"line":55,"column":3}},"15":{"start":{"line":50,"column":4},"end":{"line":54,"column":5}},"16":{"start":{"line":51,"column":6},"end":{"line":53,"column":7}},"17":{"start":{"line":52,"column":8},"end":{"line":52,"column":37}},"18":{"start":{"line":57,"column":22},"end":{"line":64,"column":3}},"19":{"start":{"line":58,"column":24},"end":{"line":58,"column":49}},"20":{"start":{"line":59,"column":20},"end":{"line":59,"column":59}},"21":{"start":{"line":61,"column":4},"end":{"line":61,"column":40}},"22":{"start":{"line":62,"column":4},"end":{"line":62,"column":33}},"23":{"start":{"line":63,"column":4},"end":{"line":63,"column":24}},"24":{"start":{"line":66,"column":2},"end":{"line":135,"column":4}},"25":{"start":{"line":85,"column":23},"end":{"line":85,"column":31}},"26":{"start":{"line":86,"column":30},"end":{"line":86,"column":56}},"27":{"start":{"line":87,"column":31},"end":{"line":87,"column":52}},"28":{"start":{"line":89,"column":10},"end":{"line":131,"column":12}},"29":{"start":{"line":115,"column":69},"end":{"line":115,"column":88}},"30":{"start":{"line":123,"column":35},"end":{"line":123,"column":57}},"31":{"start":{"line":139,"column":16},"end":{"line":139,"column":50}},"32":{"start":{"line":140,"column":16},"end":{"line":140,"column":66}},"33":{"start":{"line":141,"column":24},"end":{"line":141,"column":90}},"34":{"start":{"line":142,"column":23},"end":{"line":142,"column":64}},"35":{"start":{"line":143,"column":24},"end":{"line":143,"column":66}},"36":{"start":{"line":144,"column":26},"end":{"line":144,"column":85}},"37":{"start":{"line":145,"column":20},"end":{"line":145,"column":78}},"38":{"start":{"line":146,"column":22},"end":{"line":146,"column":89}},"39":{"start":{"line":147,"column":24},"end":{"line":147,"column":88}},"40":{"start":{"line":148,"column":19},"end":{"line":148,"column":80}},"41":{"start":{"line":149,"column":21},"end":{"line":149,"column":88}},"42":{"start":{"line":150,"column":27},"end":{"line":150,"column":58}},"43":{"start":{"line":151,"column":23},"end":{"line":151,"column":59}},"44":{"start":{"line":152,"column":23},"end":{"line":152,"column":50}},"45":{"start":{"line":153,"column":24},"end":{"line":153,"column":109}},"46":{"start":{"line":154,"column":16},"end":{"line":154,"column":109}},"47":{"start":{"line":156,"column":21},"end":{"line":174,"column":3}},"48":{"start":{"line":176,"column":20},"end":{"line":365,"column":3}},"49":{"start":{"line":367,"column":2},"end":{"line":367,"column":34}}},"fnMap":{"0":{"name":"escapeHtml","decl":{"start":{"line":18,"column":9},"end":{"line":18,"column":19}},"loc":{"start":{"line":18,"column":25},"end":{"line":27,"column":1}},"line":18},"1":{"name":"DocumentGenerator","decl":{"start":{"line":36,"column":24},"end":{"line":36,"column":41}},"loc":{"start":{"line":36,"column":68},"end":{"line":136,"column":1}},"line":36},"2":{"name":"(anonymous_2)","decl":{"start":{"line":40,"column":25},"end":{"line":40,"column":26}},"loc":{"start":{"line":40,"column":44},"end":{"line":47,"column":3}},"line":40},"3":{"name":"(anonymous_3)","decl":{"start":{"line":43,"column":22},"end":{"line":43,"column":23}},"loc":{"start":{"line":43,"column":29},"end":{"line":43,"column":47}},"line":43},"4":{"name":"(anonymous_4)","decl":{"start":{"line":49,"column":28},"end":{"line":49,"column":29}},"loc":{"start":{"line":49,"column":40},"end":{"line":55,"column":3}},"line":49},"5":{"name":"(anonymous_5)","decl":{"start":{"line":57,"column":22},"end":{"line":57,"column":23}},"loc":{"start":{"line":57,"column":35},"end":{"line":64,"column":3}},"line":57},"6":{"name":"(anonymous_6)","decl":{"start":{"line":84,"column":27},"end":{"line":84,"column":28}},"loc":{"start":{"line":84,"column":36},"end":{"line":132,"column":9}},"line":84},"7":{"name":"(anonymous_7)","decl":{"start":{"line":115,"column":63},"end":{"line":115,"column":64}},"loc":{"start":{"line":115,"column":69},"end":{"line":115,"column":88}},"line":115},"8":{"name":"(anonymous_8)","decl":{"start":{"line":123,"column":29},"end":{"line":123,"column":30}},"loc":{"start":{"line":123,"column":35},"end":{"line":123,"column":57}},"line":123},"9":{"name":"generateDocumentHTML","decl":{"start":{"line":138,"column":9},"end":{"line":138,"column":29}},"loc":{"start":{"line":138,"column":49},"end":{"line":368,"column":1}},"line":138}},"branchMap":{"0":{"loc":{"start":{"line":19,"column":2},"end":{"line":19,"column":29}},"type":"if","locations":[{"start":{"line":19,"column":2},"end":{"line":19,"column":29}},{"start":{},"end":{}}],"line":19},"1":{"loc":{"start":{"line":51,"column":6},"end":{"line":53,"column":7}},"type":"if","locations":[{"start":{"line":51,"column":6},"end":{"line":53,"column":7}},{"start":{},"end":{}}],"line":51},"2":{"loc":{"start":{"line":93,"column":16},"end":{"line":93,"column":97}},"type":"cond-expr","locations":[{"start":{"line":93,"column":30},"end":{"line":93,"column":64}},{"start":{"line":93,"column":67},"end":{"line":93,"column":97}}],"line":93},"3":{"loc":{"start":{"line":97,"column":50},"end":{"line":97,"column":93}},"type":"cond-expr","locations":[{"start":{"line":97,"column":64},"end":{"line":97,"column":80}},{"start":{"line":97,"column":83},"end":{"line":97,"column":93}}],"line":97},"4":{"loc":{"start":{"line":99,"column":42},"end":{"line":99,"column":93}},"type":"cond-expr","locations":[{"start":{"line":99,"column":56},"end":{"line":99,"column":74}},{"start":{"line":99,"column":77},"end":{"line":99,"column":93}}],"line":99},"5":{"loc":{"start":{"line":104,"column":19},"end":{"line":108,"column":19}},"type":"binary-expr","locations":[{"start":{"line":104,"column":19},"end":{"line":104,"column":31}},{"start":{"line":105,"column":20},"end":{"line":107,"column":28}}],"line":104},"6":{"loc":{"start":{"line":112,"column":17},"end":{"line":128,"column":17}},"type":"cond-expr","locations":[{"start":{"line":113,"column":18},"end":{"line":118,"column":21}},{"start":{"line":120,"column":18},"end":{"line":127,"column":27}}],"line":112},"7":{"loc":{"start":{"line":126,"column":21},"end":{"line":126,"column":64}},"type":"cond-expr","locations":[{"start":{"line":126,"column":36},"end":{"line":126,"column":51}},{"start":{"line":126,"column":54},"end":{"line":126,"column":64}}],"line":126},"8":{"loc":{"start":{"line":140,"column":27},"end":{"line":140,"column":65}},"type":"binary-expr","locations":[{"start":{"line":140,"column":27},"end":{"line":140,"column":52}},{"start":{"line":140,"column":56},"end":{"line":140,"column":65}}],"line":140},"9":{"loc":{"start":{"line":141,"column":24},"end":{"line":141,"column":90}},"type":"cond-expr","locations":[{"start":{"line":141,"column":46},"end":{"line":141,"column":73}},{"start":{"line":141,"column":76},"end":{"line":141,"column":90}}],"line":141},"10":{"loc":{"start":{"line":142,"column":34},"end":{"line":142,"column":63}},"type":"binary-expr","locations":[{"start":{"line":142,"column":34},"end":{"line":142,"column":57}},{"start":{"line":142,"column":61},"end":{"line":142,"column":63}}],"line":142},"11":{"loc":{"start":{"line":143,"column":35},"end":{"line":143,"column":65}},"type":"binary-expr","locations":[{"start":{"line":143,"column":35},"end":{"line":143,"column":59}},{"start":{"line":143,"column":63},"end":{"line":143,"column":65}}],"line":143},"12":{"loc":{"start":{"line":144,"column":37},"end":{"line":144,"column":84}},"type":"binary-expr","locations":[{"start":{"line":144,"column":37},"end":{"line":144,"column":63}},{"start":{"line":144,"column":67},"end":{"line":144,"column":84}}],"line":144},"13":{"loc":{"start":{"line":145,"column":31},"end":{"line":145,"column":77}},"type":"binary-expr","locations":[{"start":{"line":145,"column":31},"end":{"line":145,"column":58}},{"start":{"line":145,"column":62},"end":{"line":145,"column":77}}],"line":145},"14":{"loc":{"start":{"line":146,"column":33},"end":{"line":146,"column":88}},"type":"binary-expr","locations":[{"start":{"line":146,"column":33},"end":{"line":146,"column":74}},{"start":{"line":146,"column":78},"end":{"line":146,"column":88}}],"line":146},"15":{"loc":{"start":{"line":147,"column":35},"end":{"line":147,"column":87}},"type":"binary-expr","locations":[{"start":{"line":147,"column":35},"end":{"line":147,"column":74}},{"start":{"line":147,"column":78},"end":{"line":147,"column":87}}],"line":147},"16":{"loc":{"start":{"line":148,"column":19},"end":{"line":148,"column":80}},"type":"cond-expr","locations":[{"start":{"line":148,"column":49},"end":{"line":148,"column":75}},{"start":{"line":148,"column":78},"end":{"line":148,"column":80}}],"line":148},"17":{"loc":{"start":{"line":149,"column":21},"end":{"line":149,"column":88}},"type":"cond-expr","locations":[{"start":{"line":149,"column":54},"end":{"line":149,"column":83}},{"start":{"line":149,"column":86},"end":{"line":149,"column":88}}],"line":149},"18":{"loc":{"start":{"line":150,"column":27},"end":{"line":150,"column":58}},"type":"binary-expr","locations":[{"start":{"line":150,"column":27},"end":{"line":150,"column":53}},{"start":{"line":150,"column":57},"end":{"line":150,"column":58}}],"line":150},"19":{"loc":{"start":{"line":151,"column":23},"end":{"line":151,"column":59}},"type":"binary-expr","locations":[{"start":{"line":151,"column":23},"end":{"line":151,"column":54}},{"start":{"line":151,"column":58},"end":{"line":151,"column":59}}],"line":151},"20":{"loc":{"start":{"line":152,"column":23},"end":{"line":152,"column":50}},"type":"binary-expr","locations":[{"start":{"line":152,"column":23},"end":{"line":152,"column":45}},{"start":{"line":152,"column":49},"end":{"line":152,"column":50}}],"line":152},"21":{"loc":{"start":{"line":153,"column":24},"end":{"line":153,"column":109}},"type":"cond-expr","locations":[{"start":{"line":153,"column":48},"end":{"line":153,"column":101}},{"start":{"line":153,"column":104},"end":{"line":153,"column":109}}],"line":153},"22":{"loc":{"start":{"line":154,"column":27},"end":{"line":154,"column":108}},"type":"cond-expr","locations":[{"start":{"line":154,"column":55},"end":{"line":154,"column":87}},{"start":{"line":154,"column":90},"end":{"line":154,"column":108}}],"line":154},"23":{"loc":{"start":{"line":207,"column":23},"end":{"line":207,"column":55}},"type":"binary-expr","locations":[{"start":{"line":207,"column":23},"end":{"line":207,"column":50}},{"start":{"line":207,"column":54},"end":{"line":207,"column":55}}],"line":207},"24":{"loc":{"start":{"line":207,"column":60},"end":{"line":207,"column":96}},"type":"binary-expr","locations":[{"start":{"line":207,"column":60},"end":{"line":207,"column":90}},{"start":{"line":207,"column":94},"end":{"line":207,"column":96}}],"line":207},"25":{"loc":{"start":{"line":209,"column":14},"end":{"line":209,"column":154}},"type":"cond-expr","locations":[{"start":{"line":209,"column":42},"end":{"line":209,"column":149}},{"start":{"line":209,"column":152},"end":{"line":209,"column":154}}],"line":209},"26":{"loc":{"start":{"line":210,"column":14},"end":{"line":210,"column":112}},"type":"cond-expr","locations":[{"start":{"line":210,"column":33},"end":{"line":210,"column":107}},{"start":{"line":210,"column":110},"end":{"line":210,"column":112}}],"line":210},"27":{"loc":{"start":{"line":257,"column":46},"end":{"line":257,"column":102}},"type":"cond-expr","locations":[{"start":{"line":257,"column":65},"end":{"line":257,"column":89}},{"start":{"line":257,"column":92},"end":{"line":257,"column":102}}],"line":257},"28":{"loc":{"start":{"line":267,"column":59},"end":{"line":267,"column":102}},"type":"cond-expr","locations":[{"start":{"line":267,"column":81},"end":{"line":267,"column":94}},{"start":{"line":267,"column":97},"end":{"line":267,"column":102}}],"line":267},"29":{"loc":{"start":{"line":307,"column":44},"end":{"line":307,"column":127}},"type":"cond-expr","locations":[{"start":{"line":307,"column":83},"end":{"line":307,"column":103}},{"start":{"line":307,"column":106},"end":{"line":307,"column":127}}],"line":307},"30":{"loc":{"start":{"line":344,"column":20},"end":{"line":344,"column":98}},"type":"cond-expr","locations":[{"start":{"line":344,"column":52},"end":{"line":344,"column":86}},{"start":{"line":344,"column":89},"end":{"line":344,"column":98}}],"line":344},"31":{"loc":{"start":{"line":367,"column":9},"end":{"line":367,"column":33}},"type":"binary-expr","locations":[{"start":{"line":367,"column":9},"end":{"line":367,"column":27}},{"start":{"line":367,"column":31},"end":{"line":367,"column":33}}],"line":367}},"s":{"0":0,"1":0,"2":0,"3":0,"4":1,"5":1,"6":1,"7":1,"8":0,"9":0,"10":0,"11":0,"12":0,"13":0,"14":1,"15":0,"16":0,"17":0,"18":1,"19":0,"20":0,"21":0,"22":0,"23":0,"24":1,"25":4,"26":4,"27":4,"28":4,"29":0,"30":0,"31":0,"32":0,"33":0,"34":0,"35":0,"36":0,"37":0,"38":0,"39":0,"40":0,"41":0,"42":0,"43":0,"44":0,"45":0,"46":0,"47":0,"48":0,"49":0},"f":{"0":0,"1":1,"2":0,"3":0,"4":0,"5":0,"6":4,"7":0,"8":0,"9":0},"b":{"0":[0,0],"1":[0,0],"2":[0,4],"3":[0,4],"4":[0,4],"5":[4,4],"6":[0,4],"7":[0,4],"8":[0,0],"9":[0,0],"10":[0,0],"11":[0,0],"12":[0,0],"13":[0,0],"14":[0,0],"15":[0,0],"16":[0,0],"17":[0,0],"18":[0,0],"19":[0,0],"20":[0,0],"21":[0,0],"22":[0,0],"23":[0,0],"24":[0,0],"25":[0,0],"26":[0,0],"27":[0,0],"28":[0,0],"29":[0,0],"30":[0,0],"31":[0,0]},"_coverageSchema":"1a1c01bbd47fc00a2c39e90264f33305004495a9","hash":"703782d6d95d3edcab89823096353d641c2ad1c9"}
,"/Users/ktythaung/Desktop/ktm-cargo-express/src/components/invoices/InvoiceService.js": {"path":"/Users/ktythaung/Desktop/ktm-cargo-express/src/components/invoices/InvoiceService.js","statementMap":{"0":{"start":{"line":20,"column":2},"end":{"line":22,"column":78}},"1":{"start":{"line":36,"column":30},"end":{"line":36,"column":31}},"2":{"start":{"line":49,"column":35},"end":{"line":49,"column":42}},"3":{"start":{"line":50,"column":26},"end":{"line":50,"column":67}},"4":{"start":{"line":52,"column":2},"end":{"line":52,"column":34}},"5":{"start":{"line":52,"column":22},"end":{"line":52,"column":34}},"6":{"start":{"line":54,"column":2},"end":{"line":72,"column":3}},"7":{"start":{"line":56,"column":6},"end":{"line":58,"column":56}},"8":{"start":{"line":60,"column":4},"end":{"line":67,"column":5}},"9":{"start":{"line":61,"column":6},"end":{"line":61,"column":44}},"10":{"start":{"line":62,"column":6},"end":{"line":64,"column":9}},"11":{"start":{"line":63,"column":8},"end":{"line":63,"column":95}},"12":{"start":{"line":66,"column":6},"end":{"line":66,"column":44}},"13":{"start":{"line":69,"column":4},"end":{"line":71,"column":6}},"14":{"start":{"line":76,"column":4},"end":{"line":78,"column":70}},"15":{"start":{"line":80,"column":2},"end":{"line":88,"column":3}},"16":{"start":{"line":81,"column":4},"end":{"line":81,"column":34}},"17":{"start":{"line":83,"column":4},"end":{"line":85,"column":7}},"18":{"start":{"line":84,"column":6},"end":{"line":84,"column":85}},"19":{"start":{"line":87,"column":4},"end":{"line":87,"column":33}},"20":{"start":{"line":90,"column":2},"end":{"line":90,"column":41}},"21":{"start":{"line":100,"column":15},"end":{"line":100,"column":25}},"22":{"start":{"line":101,"column":15},"end":{"line":101,"column":33}},"23":{"start":{"line":102,"column":16},"end":{"line":102,"column":60}},"24":{"start":{"line":103,"column":2},"end":{"line":103,"column":31}},"25":{"start":{"line":104,"column":14},"end":{"line":104,"column":62}},"26":{"start":{"line":105,"column":2},"end":{"line":105,"column":38}},"27":{"start":{"line":110,"column":2},"end":{"line":110,"column":41}},"28":{"start":{"line":116,"column":27},"end":{"line":122,"column":1}},"29":{"start":{"line":125,"column":15},"end":{"line":125,"column":52}},"30":{"start":{"line":126,"column":2},"end":{"line":126,"column":68}},"31":{"start":{"line":134,"column":22},"end":{"line":134,"column":82}},"32":{"start":{"line":135,"column":23},"end":{"line":135,"column":59}},"33":{"start":{"line":137,"column":24},"end":{"line":137,"column":76}},"34":{"start":{"line":139,"column":18},"end":{"line":188,"column":4}},"35":{"start":{"line":190,"column":2},"end":{"line":190,"column":17}},"36":{"start":{"line":198,"column":27},"end":{"line":200,"column":4}},"37":{"start":{"line":202,"column":2},"end":{"line":204,"column":3}},"38":{"start":{"line":203,"column":4},"end":{"line":203,"column":93}},"39":{"start":{"line":206,"column":17},"end":{"line":206,"column":52}},"40":{"start":{"line":207,"column":21},"end":{"line":207,"column":59}},"41":{"start":{"line":208,"column":25},"end":{"line":208,"column":44}},"42":{"start":{"line":209,"column":26},"end":{"line":209,"column":68}},"43":{"start":{"line":210,"column":23},"end":{"line":210,"column":62}},"44":{"start":{"line":211,"column":19},"end":{"line":211,"column":66}},"45":{"start":{"line":213,"column":18},"end":{"line":231,"column":4}},"46":{"start":{"line":233,"column":2},"end":{"line":233,"column":34}},"47":{"start":{"line":241,"column":27},"end":{"line":243,"column":4}},"48":{"start":{"line":245,"column":2},"end":{"line":247,"column":3}},"49":{"start":{"line":246,"column":4},"end":{"line":246,"column":93}},"50":{"start":{"line":249,"column":22},"end":{"line":249,"column":96}},"51":{"start":{"line":250,"column":27},"end":{"line":250,"column":67}},"52":{"start":{"line":251,"column":23},"end":{"line":251,"column":59}},"53":{"start":{"line":252,"column":17},"end":{"line":252,"column":79}},"54":{"start":{"line":253,"column":22},"end":{"line":253,"column":103}},"55":{"start":{"line":255,"column":21},"end":{"line":255,"column":85}},"56":{"start":{"line":257,"column":18},"end":{"line":274,"column":4}},"57":{"start":{"line":276,"column":2},"end":{"line":276,"column":34}},"58":{"start":{"line":284,"column":18},"end":{"line":287,"column":4}},"59":{"start":{"line":288,"column":2},"end":{"line":288,"column":17}},"60":{"start":{"line":295,"column":18},"end":{"line":297,"column":4}},"61":{"start":{"line":298,"column":2},"end":{"line":298,"column":17}},"62":{"start":{"line":305,"column":25},"end":{"line":305,"column":65}},"63":{"start":{"line":306,"column":2},"end":{"line":308,"column":3}},"64":{"start":{"line":307,"column":4},"end":{"line":307,"column":41}},"65":{"start":{"line":310,"column":2},"end":{"line":312,"column":3}},"66":{"start":{"line":311,"column":4},"end":{"line":311,"column":47}},"67":{"start":{"line":314,"column":2},"end":{"line":316,"column":3}},"68":{"start":{"line":315,"column":4},"end":{"line":315,"column":64}},"69":{"start":{"line":318,"column":2},"end":{"line":320,"column":3}},"70":{"start":{"line":319,"column":4},"end":{"line":319,"column":80}},"71":{"start":{"line":322,"column":23},"end":{"line":322,"column":63}},"72":{"start":{"line":323,"column":29},"end":{"line":323,"column":50}},"73":{"start":{"line":325,"column":4},"end":{"line":327,"column":34}},"74":{"start":{"line":329,"column":2},"end":{"line":331,"column":3}},"75":{"start":{"line":330,"column":4},"end":{"line":330,"column":61}},"76":{"start":{"line":333,"column":2},"end":{"line":335,"column":3}},"77":{"start":{"line":334,"column":4},"end":{"line":334,"column":57}},"78":{"start":{"line":337,"column":2},"end":{"line":346,"column":3}},"79":{"start":{"line":338,"column":4},"end":{"line":340,"column":5}},"80":{"start":{"line":339,"column":6},"end":{"line":339,"column":68}},"81":{"start":{"line":343,"column":4},"end":{"line":345,"column":5}},"82":{"start":{"line":344,"column":6},"end":{"line":344,"column":75}},"83":{"start":{"line":348,"column":18},"end":{"line":353,"column":4}},"84":{"start":{"line":354,"column":2},"end":{"line":354,"column":17}},"85":{"start":{"line":361,"column":18},"end":{"line":364,"column":4}},"86":{"start":{"line":365,"column":2},"end":{"line":365,"column":17}},"87":{"start":{"line":372,"column":16},"end":{"line":384,"column":3}},"88":{"start":{"line":386,"column":16},"end":{"line":386,"column":26}},"89":{"start":{"line":388,"column":2},"end":{"line":421,"column":5}},"90":{"start":{"line":389,"column":19},"end":{"line":389,"column":40}},"91":{"start":{"line":390,"column":4},"end":{"line":390,"column":32}},"92":{"start":{"line":392,"column":4},"end":{"line":420,"column":5}},"93":{"start":{"line":394,"column":8},"end":{"line":394,"column":22}},"94":{"start":{"line":395,"column":8},"end":{"line":395,"column":14}},"95":{"start":{"line":397,"column":8},"end":{"line":397,"column":23}},"96":{"start":{"line":398,"column":8},"end":{"line":398,"column":38}},"97":{"start":{"line":400,"column":8},"end":{"line":403,"column":9}},"98":{"start":{"line":401,"column":10},"end":{"line":401,"column":26}},"99":{"start":{"line":402,"column":10},"end":{"line":402,"column":40}},"100":{"start":{"line":404,"column":8},"end":{"line":404,"column":14}},"101":{"start":{"line":406,"column":8},"end":{"line":406,"column":21}},"102":{"start":{"line":407,"column":8},"end":{"line":407,"column":38}},"103":{"start":{"line":408,"column":8},"end":{"line":411,"column":9}},"104":{"start":{"line":409,"column":10},"end":{"line":409,"column":26}},"105":{"start":{"line":410,"column":10},"end":{"line":410,"column":40}},"106":{"start":{"line":412,"column":8},"end":{"line":412,"column":14}},"107":{"start":{"line":414,"column":8},"end":{"line":414,"column":21}},"108":{"start":{"line":415,"column":8},"end":{"line":415,"column":35}},"109":{"start":{"line":416,"column":8},"end":{"line":416,"column":14}},"110":{"start":{"line":418,"column":8},"end":{"line":418,"column":21}},"111":{"start":{"line":419,"column":8},"end":{"line":419,"column":14}},"112":{"start":{"line":423,"column":2},"end":{"line":423,"column":15}},"113":{"start":{"line":430,"column":22},"end":{"line":430,"column":54}},"114":{"start":{"line":431,"column":16},"end":{"line":431,"column":26}},"115":{"start":{"line":433,"column":2},"end":{"line":438,"column":5}},"116":{"start":{"line":434,"column":4},"end":{"line":436,"column":5}},"117":{"start":{"line":435,"column":6},"end":{"line":435,"column":19}},"118":{"start":{"line":437,"column":4},"end":{"line":437,"column":58}}},"fnMap":{"0":{"name":"getNextInvoiceNumber","decl":{"start":{"line":48,"column":22},"end":{"line":48,"column":42}},"loc":{"start":{"line":48,"column":57},"end":{"line":91,"column":1}},"line":48},"1":{"name":"(anonymous_1)","decl":{"start":{"line":62,"column":35},"end":{"line":62,"column":36}},"loc":{"start":{"line":62,"column":47},"end":{"line":64,"column":7}},"line":62},"2":{"name":"(anonymous_2)","decl":{"start":{"line":83,"column":33},"end":{"line":83,"column":34}},"loc":{"start":{"line":83,"column":45},"end":{"line":85,"column":5}},"line":83},"3":{"name":"generateInvoiceNumberFallback","decl":{"start":{"line":99,"column":16},"end":{"line":99,"column":45}},"loc":{"start":{"line":99,"column":48},"end":{"line":106,"column":1}},"line":99},"4":{"name":"generateInvoiceNumber","decl":{"start":{"line":109,"column":16},"end":{"line":109,"column":37}},"loc":{"start":{"line":109,"column":40},"end":{"line":111,"column":1}},"line":109},"5":{"name":"calculateDueDate","decl":{"start":{"line":124,"column":16},"end":{"line":124,"column":32}},"loc":{"start":{"line":124,"column":70},"end":{"line":127,"column":1}},"line":124},"6":{"name":"createCustomerInvoice","decl":{"start":{"line":133,"column":22},"end":{"line":133,"column":43}},"loc":{"start":{"line":133,"column":57},"end":{"line":191,"column":1}},"line":133},"7":{"name":"createInvoiceFromShipment","decl":{"start":{"line":196,"column":22},"end":{"line":196,"column":47}},"loc":{"start":{"line":196,"column":68},"end":{"line":234,"column":1}},"line":196},"8":{"name":"createInvoiceFromShoppingOrder","decl":{"start":{"line":239,"column":22},"end":{"line":239,"column":52}},"loc":{"start":{"line":239,"column":70},"end":{"line":277,"column":1}},"line":239},"9":{"name":"issueInvoice","decl":{"start":{"line":283,"column":22},"end":{"line":283,"column":34}},"loc":{"start":{"line":283,"column":46},"end":{"line":289,"column":1}},"line":283},"10":{"name":"markInvoiceSent","decl":{"start":{"line":294,"column":22},"end":{"line":294,"column":37}},"loc":{"start":{"line":294,"column":49},"end":{"line":299,"column":1}},"line":294},"11":{"name":"recordPayment","decl":{"start":{"line":304,"column":22},"end":{"line":304,"column":35}},"loc":{"start":{"line":304,"column":68},"end":{"line":355,"column":1}},"line":304},"12":{"name":"voidInvoice","decl":{"start":{"line":360,"column":22},"end":{"line":360,"column":33}},"loc":{"start":{"line":360,"column":58},"end":{"line":366,"column":1}},"line":360},"13":{"name":"getInvoiceStats","decl":{"start":{"line":371,"column":22},"end":{"line":371,"column":37}},"loc":{"start":{"line":371,"column":48},"end":{"line":424,"column":1}},"line":371},"14":{"name":"(anonymous_14)","decl":{"start":{"line":388,"column":19},"end":{"line":388,"column":20}},"loc":{"start":{"line":388,"column":28},"end":{"line":421,"column":3}},"line":388},"15":{"name":"getOverdueInvoices","decl":{"start":{"line":429,"column":22},"end":{"line":429,"column":40}},"loc":{"start":{"line":429,"column":43},"end":{"line":439,"column":1}},"line":429},"16":{"name":"(anonymous_16)","decl":{"start":{"line":433,"column":28},"end":{"line":433,"column":29}},"loc":{"start":{"line":433,"column":37},"end":{"line":438,"column":3}},"line":433}},"branchMap":{"0":{"loc":{"start":{"line":20,"column":2},"end":{"line":22,"column":78}},"type":"cond-expr","locations":[{"start":{"line":21,"column":6},"end":{"line":21,"column":21}},{"start":{"line":22,"column":6},"end":{"line":22,"column":78}}],"line":20},"1":{"loc":{"start":{"line":22,"column":6},"end":{"line":22,"column":78}},"type":"binary-expr","locations":[{"start":{"line":22,"column":6},"end":{"line":22,"column":36}},{"start":{"line":22,"column":40},"end":{"line":22,"column":78}}],"line":22},"2":{"loc":{"start":{"line":48,"column":43},"end":{"line":48,"column":55}},"type":"default-arg","locations":[{"start":{"line":48,"column":53},"end":{"line":48,"column":55}}],"line":48},"3":{"loc":{"start":{"line":49,"column":10},"end":{"line":49,"column":30}},"type":"default-arg","locations":[{"start":{"line":49,"column":26},"end":{"line":49,"column":30}}],"line":49},"4":{"loc":{"start":{"line":52,"column":2},"end":{"line":52,"column":34}},"type":"if","locations":[{"start":{"line":52,"column":2},"end":{"line":52,"column":34}},{"start":{},"end":{}}],"line":52},"5":{"loc":{"start":{"line":52,"column":6},"end":{"line":52,"column":20}},"type":"binary-expr","locations":[{"start":{"line":52,"column":6},"end":{"line":52,"column":12}},{"start":{"line":52,"column":16},"end":{"line":52,"column":20}}],"line":52},"6":{"loc":{"start":{"line":54,"column":2},"end":{"line":72,"column":3}},"type":"if","locations":[{"start":{"line":54,"column":2},"end":{"line":72,"column":3}},{"start":{},"end":{}}],"line":54},"7":{"loc":{"start":{"line":60,"column":4},"end":{"line":67,"column":5}},"type":"if","locations":[{"start":{"line":60,"column":4},"end":{"line":67,"column":5}},{"start":{"line":65,"column":11},"end":{"line":67,"column":5}}],"line":60},"8":{"loc":{"start":{"line":80,"column":2},"end":{"line":88,"column":3}},"type":"if","locations":[{"start":{"line":80,"column":2},"end":{"line":88,"column":3}},{"start":{"line":86,"column":9},"end":{"line":88,"column":3}}],"line":80},"9":{"loc":{"start":{"line":124,"column":46},"end":{"line":124,"column":68}},"type":"default-arg","locations":[{"start":{"line":124,"column":61},"end":{"line":124,"column":68}}],"line":124},"10":{"loc":{"start":{"line":125,"column":15},"end":{"line":125,"column":52}},"type":"binary-expr","locations":[{"start":{"line":125,"column":15},"end":{"line":125,"column":47}},{"start":{"line":125,"column":51},"end":{"line":125,"column":52}}],"line":125},"11":{"loc":{"start":{"line":134,"column":22},"end":{"line":134,"column":82}},"type":"binary-expr","locations":[{"start":{"line":134,"column":22},"end":{"line":134,"column":46}},{"start":{"line":134,"column":50},"end":{"line":134,"column":82}}],"line":134},"12":{"loc":{"start":{"line":135,"column":23},"end":{"line":135,"column":59}},"type":"binary-expr","locations":[{"start":{"line":135,"column":23},"end":{"line":135,"column":48}},{"start":{"line":135,"column":52},"end":{"line":135,"column":59}}],"line":135},"13":{"loc":{"start":{"line":141,"column":18},"end":{"line":141,"column":56}},"type":"binary-expr","locations":[{"start":{"line":141,"column":18},"end":{"line":141,"column":42}},{"start":{"line":141,"column":46},"end":{"line":141,"column":56}}],"line":141},"14":{"loc":{"start":{"line":144,"column":17},"end":{"line":144,"column":48}},"type":"binary-expr","locations":[{"start":{"line":144,"column":17},"end":{"line":144,"column":40}},{"start":{"line":144,"column":44},"end":{"line":144,"column":48}}],"line":144},"15":{"loc":{"start":{"line":145,"column":21},"end":{"line":145,"column":54}},"type":"binary-expr","locations":[{"start":{"line":145,"column":21},"end":{"line":145,"column":48}},{"start":{"line":145,"column":52},"end":{"line":145,"column":54}}],"line":145},"16":{"loc":{"start":{"line":146,"column":14},"end":{"line":146,"column":42}},"type":"binary-expr","locations":[{"start":{"line":146,"column":14},"end":{"line":146,"column":34}},{"start":{"line":146,"column":38},"end":{"line":146,"column":42}}],"line":146},"17":{"loc":{"start":{"line":147,"column":18},"end":{"line":147,"column":48}},"type":"binary-expr","locations":[{"start":{"line":147,"column":18},"end":{"line":147,"column":42}},{"start":{"line":147,"column":46},"end":{"line":147,"column":48}}],"line":147},"18":{"loc":{"start":{"line":150,"column":17},"end":{"line":150,"column":46}},"type":"binary-expr","locations":[{"start":{"line":150,"column":17},"end":{"line":150,"column":40}},{"start":{"line":150,"column":44},"end":{"line":150,"column":46}}],"line":150},"19":{"loc":{"start":{"line":152,"column":20},"end":{"line":152,"column":52}},"type":"binary-expr","locations":[{"start":{"line":152,"column":20},"end":{"line":152,"column":46}},{"start":{"line":152,"column":50},"end":{"line":152,"column":52}}],"line":152},"20":{"loc":{"start":{"line":153,"column":20},"end":{"line":153,"column":52}},"type":"binary-expr","locations":[{"start":{"line":153,"column":20},"end":{"line":153,"column":46}},{"start":{"line":153,"column":50},"end":{"line":153,"column":52}}],"line":153},"21":{"loc":{"start":{"line":154,"column":22},"end":{"line":154,"column":56}},"type":"binary-expr","locations":[{"start":{"line":154,"column":22},"end":{"line":154,"column":50}},{"start":{"line":154,"column":54},"end":{"line":154,"column":56}}],"line":154},"22":{"loc":{"start":{"line":158,"column":14},"end":{"line":158,"column":81}},"type":"binary-expr","locations":[{"start":{"line":158,"column":14},"end":{"line":158,"column":34}},{"start":{"line":158,"column":38},"end":{"line":158,"column":81}}],"line":158},"23":{"loc":{"start":{"line":161,"column":18},"end":{"line":161,"column":48}},"type":"binary-expr","locations":[{"start":{"line":161,"column":18},"end":{"line":161,"column":42}},{"start":{"line":161,"column":46},"end":{"line":161,"column":48}}],"line":161},"24":{"loc":{"start":{"line":162,"column":15},"end":{"line":162,"column":41}},"type":"binary-expr","locations":[{"start":{"line":162,"column":15},"end":{"line":162,"column":36}},{"start":{"line":162,"column":40},"end":{"line":162,"column":41}}],"line":162},"25":{"loc":{"start":{"line":163,"column":18},"end":{"line":163,"column":47}},"type":"binary-expr","locations":[{"start":{"line":163,"column":18},"end":{"line":163,"column":42}},{"start":{"line":163,"column":46},"end":{"line":163,"column":47}}],"line":163},"26":{"loc":{"start":{"line":166,"column":21},"end":{"line":166,"column":53}},"type":"binary-expr","locations":[{"start":{"line":166,"column":21},"end":{"line":166,"column":48}},{"start":{"line":166,"column":52},"end":{"line":166,"column":53}}],"line":166},"27":{"loc":{"start":{"line":167,"column":22},"end":{"line":167,"column":55}},"type":"binary-expr","locations":[{"start":{"line":167,"column":22},"end":{"line":167,"column":50}},{"start":{"line":167,"column":54},"end":{"line":167,"column":55}}],"line":167},"28":{"loc":{"start":{"line":168,"column":19},"end":{"line":168,"column":49}},"type":"binary-expr","locations":[{"start":{"line":168,"column":19},"end":{"line":168,"column":44}},{"start":{"line":168,"column":48},"end":{"line":168,"column":49}}],"line":168},"29":{"loc":{"start":{"line":169,"column":18},"end":{"line":169,"column":47}},"type":"binary-expr","locations":[{"start":{"line":169,"column":18},"end":{"line":169,"column":42}},{"start":{"line":169,"column":46},"end":{"line":169,"column":47}}],"line":169},"30":{"loc":{"start":{"line":170,"column":23},"end":{"line":170,"column":57}},"type":"binary-expr","locations":[{"start":{"line":170,"column":23},"end":{"line":170,"column":52}},{"start":{"line":170,"column":56},"end":{"line":170,"column":57}}],"line":170},"31":{"loc":{"start":{"line":173,"column":14},"end":{"line":173,"column":39}},"type":"binary-expr","locations":[{"start":{"line":173,"column":14},"end":{"line":173,"column":34}},{"start":{"line":173,"column":38},"end":{"line":173,"column":39}}],"line":173},"32":{"loc":{"start":{"line":174,"column":14},"end":{"line":174,"column":39}},"type":"binary-expr","locations":[{"start":{"line":174,"column":14},"end":{"line":174,"column":34}},{"start":{"line":174,"column":38},"end":{"line":174,"column":39}}],"line":174},"33":{"loc":{"start":{"line":175,"column":16},"end":{"line":175,"column":43}},"type":"binary-expr","locations":[{"start":{"line":175,"column":16},"end":{"line":175,"column":38}},{"start":{"line":175,"column":42},"end":{"line":175,"column":43}}],"line":175},"34":{"loc":{"start":{"line":176,"column":21},"end":{"line":176,"column":53}},"type":"binary-expr","locations":[{"start":{"line":176,"column":21},"end":{"line":176,"column":48}},{"start":{"line":176,"column":52},"end":{"line":176,"column":53}}],"line":176},"35":{"loc":{"start":{"line":177,"column":18},"end":{"line":177,"column":47}},"type":"binary-expr","locations":[{"start":{"line":177,"column":18},"end":{"line":177,"column":42}},{"start":{"line":177,"column":46},"end":{"line":177,"column":47}}],"line":177},"36":{"loc":{"start":{"line":181,"column":20},"end":{"line":181,"column":52}},"type":"binary-expr","locations":[{"start":{"line":181,"column":20},"end":{"line":181,"column":46}},{"start":{"line":181,"column":50},"end":{"line":181,"column":52}}],"line":181},"37":{"loc":{"start":{"line":187,"column":11},"end":{"line":187,"column":34}},"type":"binary-expr","locations":[{"start":{"line":187,"column":11},"end":{"line":187,"column":28}},{"start":{"line":187,"column":32},"end":{"line":187,"column":34}}],"line":187},"38":{"loc":{"start":{"line":202,"column":2},"end":{"line":204,"column":3}},"type":"if","locations":[{"start":{"line":202,"column":2},"end":{"line":204,"column":3}},{"start":{},"end":{}}],"line":202},"39":{"loc":{"start":{"line":206,"column":17},"end":{"line":206,"column":52}},"type":"binary-expr","locations":[{"start":{"line":206,"column":17},"end":{"line":206,"column":47}},{"start":{"line":206,"column":51},"end":{"line":206,"column":52}}],"line":206},"40":{"loc":{"start":{"line":207,"column":21},"end":{"line":207,"column":59}},"type":"binary-expr","locations":[{"start":{"line":207,"column":21},"end":{"line":207,"column":54}},{"start":{"line":207,"column":58},"end":{"line":207,"column":59}}],"line":207},"41":{"loc":{"start":{"line":209,"column":26},"end":{"line":209,"column":68}},"type":"binary-expr","locations":[{"start":{"line":209,"column":26},"end":{"line":209,"column":63}},{"start":{"line":209,"column":67},"end":{"line":209,"column":68}}],"line":209},"42":{"loc":{"start":{"line":210,"column":23},"end":{"line":210,"column":62}},"type":"binary-expr","locations":[{"start":{"line":210,"column":23},"end":{"line":210,"column":57}},{"start":{"line":210,"column":61},"end":{"line":210,"column":62}}],"line":210},"43":{"loc":{"start":{"line":217,"column":17},"end":{"line":217,"column":53}},"type":"binary-expr","locations":[{"start":{"line":217,"column":17},"end":{"line":217,"column":29}},{"start":{"line":217,"column":33},"end":{"line":217,"column":53}}],"line":217},"44":{"loc":{"start":{"line":219,"column":20},"end":{"line":219,"column":41}},"type":"binary-expr","locations":[{"start":{"line":219,"column":20},"end":{"line":219,"column":35}},{"start":{"line":219,"column":39},"end":{"line":219,"column":41}}],"line":219},"45":{"loc":{"start":{"line":221,"column":22},"end":{"line":221,"column":53}},"type":"binary-expr","locations":[{"start":{"line":221,"column":22},"end":{"line":221,"column":47}},{"start":{"line":221,"column":51},"end":{"line":221,"column":53}}],"line":221},"46":{"loc":{"start":{"line":230,"column":60},"end":{"line":230,"column":92}},"type":"binary-expr","locations":[{"start":{"line":230,"column":60},"end":{"line":230,"column":86}},{"start":{"line":230,"column":90},"end":{"line":230,"column":92}}],"line":230},"47":{"loc":{"start":{"line":245,"column":2},"end":{"line":247,"column":3}},"type":"if","locations":[{"start":{"line":245,"column":2},"end":{"line":247,"column":3}},{"start":{},"end":{}}],"line":245},"48":{"loc":{"start":{"line":249,"column":22},"end":{"line":249,"column":96}},"type":"binary-expr","locations":[{"start":{"line":249,"column":22},"end":{"line":249,"column":91}},{"start":{"line":249,"column":95},"end":{"line":249,"column":96}}],"line":249},"49":{"loc":{"start":{"line":249,"column":33},"end":{"line":249,"column":90}},"type":"binary-expr","locations":[{"start":{"line":249,"column":33},"end":{"line":249,"column":58}},{"start":{"line":249,"column":62},"end":{"line":249,"column":90}}],"line":249},"50":{"loc":{"start":{"line":250,"column":27},"end":{"line":250,"column":67}},"type":"binary-expr","locations":[{"start":{"line":250,"column":27},"end":{"line":250,"column":62}},{"start":{"line":250,"column":66},"end":{"line":250,"column":67}}],"line":250},"51":{"loc":{"start":{"line":251,"column":23},"end":{"line":251,"column":59}},"type":"binary-expr","locations":[{"start":{"line":251,"column":23},"end":{"line":251,"column":54}},{"start":{"line":251,"column":58},"end":{"line":251,"column":59}}],"line":251},"52":{"loc":{"start":{"line":252,"column":17},"end":{"line":252,"column":79}},"type":"binary-expr","locations":[{"start":{"line":252,"column":17},"end":{"line":252,"column":74}},{"start":{"line":252,"column":78},"end":{"line":252,"column":79}}],"line":252},"53":{"loc":{"start":{"line":252,"column":28},"end":{"line":252,"column":73}},"type":"binary-expr","locations":[{"start":{"line":252,"column":28},"end":{"line":252,"column":47}},{"start":{"line":252,"column":51},"end":{"line":252,"column":73}}],"line":252},"54":{"loc":{"start":{"line":253,"column":22},"end":{"line":253,"column":103}},"type":"binary-expr","locations":[{"start":{"line":253,"column":22},"end":{"line":253,"column":52}},{"start":{"line":253,"column":57},"end":{"line":253,"column":102}}],"line":253},"55":{"loc":{"start":{"line":255,"column":21},"end":{"line":255,"column":85}},"type":"cond-expr","locations":[{"start":{"line":255,"column":34},"end":{"line":255,"column":81}},{"start":{"line":255,"column":84},"end":{"line":255,"column":85}}],"line":255},"56":{"loc":{"start":{"line":261,"column":17},"end":{"line":261,"column":50}},"type":"binary-expr","locations":[{"start":{"line":261,"column":17},"end":{"line":261,"column":29}},{"start":{"line":261,"column":33},"end":{"line":261,"column":50}}],"line":261},"57":{"loc":{"start":{"line":263,"column":20},"end":{"line":263,"column":41}},"type":"binary-expr","locations":[{"start":{"line":263,"column":20},"end":{"line":263,"column":35}},{"start":{"line":263,"column":39},"end":{"line":263,"column":41}}],"line":263},"58":{"loc":{"start":{"line":264,"column":20},"end":{"line":264,"column":46}},"type":"binary-expr","locations":[{"start":{"line":264,"column":20},"end":{"line":264,"column":40}},{"start":{"line":264,"column":44},"end":{"line":264,"column":46}}],"line":264},"59":{"loc":{"start":{"line":273,"column":63},"end":{"line":273,"column":113}},"type":"binary-expr","locations":[{"start":{"line":273,"column":63},"end":{"line":273,"column":84}},{"start":{"line":273,"column":88},"end":{"line":273,"column":107}},{"start":{"line":273,"column":111},"end":{"line":273,"column":113}}],"line":273},"60":{"loc":{"start":{"line":304,"column":47},"end":{"line":304,"column":66}},"type":"default-arg","locations":[{"start":{"line":304,"column":64},"end":{"line":304,"column":66}}],"line":304},"61":{"loc":{"start":{"line":306,"column":2},"end":{"line":308,"column":3}},"type":"if","locations":[{"start":{"line":306,"column":2},"end":{"line":308,"column":3}},{"start":{},"end":{}}],"line":306},"62":{"loc":{"start":{"line":310,"column":2},"end":{"line":312,"column":3}},"type":"if","locations":[{"start":{"line":310,"column":2},"end":{"line":312,"column":3}},{"start":{},"end":{}}],"line":310},"63":{"loc":{"start":{"line":314,"column":2},"end":{"line":316,"column":3}},"type":"if","locations":[{"start":{"line":314,"column":2},"end":{"line":316,"column":3}},{"start":{},"end":{}}],"line":314},"64":{"loc":{"start":{"line":318,"column":2},"end":{"line":320,"column":3}},"type":"if","locations":[{"start":{"line":318,"column":2},"end":{"line":320,"column":3}},{"start":{},"end":{}}],"line":318},"65":{"loc":{"start":{"line":322,"column":23},"end":{"line":322,"column":63}},"type":"binary-expr","locations":[{"start":{"line":322,"column":23},"end":{"line":322,"column":58}},{"start":{"line":322,"column":62},"end":{"line":322,"column":63}}],"line":322},"66":{"loc":{"start":{"line":325,"column":4},"end":{"line":327,"column":34}},"type":"cond-expr","locations":[{"start":{"line":326,"column":8},"end":{"line":326,"column":20}},{"start":{"line":327,"column":8},"end":{"line":327,"column":34}}],"line":325},"67":{"loc":{"start":{"line":325,"column":4},"end":{"line":325,"column":96}},"type":"binary-expr","locations":[{"start":{"line":325,"column":4},"end":{"line":325,"column":36}},{"start":{"line":325,"column":40},"end":{"line":325,"column":67}},{"start":{"line":325,"column":71},"end":{"line":325,"column":96}}],"line":325},"68":{"loc":{"start":{"line":329,"column":2},"end":{"line":331,"column":3}},"type":"if","locations":[{"start":{"line":329,"column":2},"end":{"line":331,"column":3}},{"start":{},"end":{}}],"line":329},"69":{"loc":{"start":{"line":333,"column":2},"end":{"line":335,"column":3}},"type":"if","locations":[{"start":{"line":333,"column":2},"end":{"line":335,"column":3}},{"start":{},"end":{}}],"line":333},"70":{"loc":{"start":{"line":337,"column":2},"end":{"line":346,"column":3}},"type":"if","locations":[{"start":{"line":337,"column":2},"end":{"line":346,"column":3}},{"start":{},"end":{}}],"line":337},"71":{"loc":{"start":{"line":338,"column":4},"end":{"line":340,"column":5}},"type":"if","locations":[{"start":{"line":338,"column":4},"end":{"line":340,"column":5}},{"start":{},"end":{}}],"line":338},"72":{"loc":{"start":{"line":343,"column":4},"end":{"line":345,"column":5}},"type":"if","locations":[{"start":{"line":343,"column":4},"end":{"line":345,"column":5}},{"start":{},"end":{}}],"line":343},"73":{"loc":{"start":{"line":350,"column":18},"end":{"line":350,"column":81}},"type":"binary-expr","locations":[{"start":{"line":350,"column":18},"end":{"line":350,"column":45}},{"start":{"line":350,"column":49},"end":{"line":350,"column":81}}],"line":350},"74":{"loc":{"start":{"line":351,"column":20},"end":{"line":351,"column":68}},"type":"binary-expr","locations":[{"start":{"line":351,"column":20},"end":{"line":351,"column":49}},{"start":{"line":351,"column":53},"end":{"line":351,"column":68}}],"line":351},"75":{"loc":{"start":{"line":352,"column":23},"end":{"line":352,"column":53}},"type":"binary-expr","locations":[{"start":{"line":352,"column":23},"end":{"line":352,"column":47}},{"start":{"line":352,"column":51},"end":{"line":352,"column":53}}],"line":352},"76":{"loc":{"start":{"line":360,"column":45},"end":{"line":360,"column":56}},"type":"default-arg","locations":[{"start":{"line":360,"column":54},"end":{"line":360,"column":56}}],"line":360},"77":{"loc":{"start":{"line":363,"column":11},"end":{"line":363,"column":50}},"type":"cond-expr","locations":[{"start":{"line":363,"column":20},"end":{"line":363,"column":39}},{"start":{"line":363,"column":42},"end":{"line":363,"column":50}}],"line":363},"78":{"loc":{"start":{"line":389,"column":19},"end":{"line":389,"column":40}},"type":"binary-expr","locations":[{"start":{"line":389,"column":19},"end":{"line":389,"column":35}},{"start":{"line":389,"column":39},"end":{"line":389,"column":40}}],"line":389},"79":{"loc":{"start":{"line":392,"column":4},"end":{"line":420,"column":5}},"type":"switch","locations":[{"start":{"line":393,"column":6},"end":{"line":395,"column":14}},{"start":{"line":396,"column":6},"end":{"line":404,"column":14}},{"start":{"line":405,"column":6},"end":{"line":412,"column":14}},{"start":{"line":413,"column":6},"end":{"line":416,"column":14}},{"start":{"line":417,"column":6},"end":{"line":419,"column":14}}],"line":392},"80":{"loc":{"start":{"line":400,"column":8},"end":{"line":403,"column":9}},"type":"if","locations":[{"start":{"line":400,"column":8},"end":{"line":403,"column":9}},{"start":{},"end":{}}],"line":400},"81":{"loc":{"start":{"line":400,"column":12},"end":{"line":400,"column":58}},"type":"binary-expr","locations":[{"start":{"line":400,"column":12},"end":{"line":400,"column":24}},{"start":{"line":400,"column":28},"end":{"line":400,"column":58}}],"line":400},"82":{"loc":{"start":{"line":408,"column":8},"end":{"line":411,"column":9}},"type":"if","locations":[{"start":{"line":408,"column":8},"end":{"line":411,"column":9}},{"start":{},"end":{}}],"line":408},"83":{"loc":{"start":{"line":408,"column":12},"end":{"line":408,"column":58}},"type":"binary-expr","locations":[{"start":{"line":408,"column":12},"end":{"line":408,"column":24}},{"start":{"line":408,"column":28},"end":{"line":408,"column":58}}],"line":408},"84":{"loc":{"start":{"line":434,"column":4},"end":{"line":436,"column":5}},"type":"if","locations":[{"start":{"line":434,"column":4},"end":{"line":436,"column":5}},{"start":{},"end":{}}],"line":434},"85":{"loc":{"start":{"line":434,"column":8},"end":{"line":434,"column":80}},"type":"binary-expr","locations":[{"start":{"line":434,"column":8},"end":{"line":434,"column":29}},{"start":{"line":434,"column":33},"end":{"line":434,"column":54}},{"start":{"line":434,"column":58},"end":{"line":434,"column":80}}],"line":434},"86":{"loc":{"start":{"line":437,"column":11},"end":{"line":437,"column":57}},"type":"binary-expr","locations":[{"start":{"line":437,"column":11},"end":{"line":437,"column":23}},{"start":{"line":437,"column":27},"end":{"line":437,"column":57}}],"line":437}},"s":{"0":1,"1":1,"2":5,"3":5,"4":5,"5":4,"6":1,"7":0,"8":0,"9":0,"10":0,"11":0,"12":0,"13":0,"14":1,"15":1,"16":0,"17":0,"18":0,"19":1,"20":1,"21":3,"22":3,"23":3,"24":3,"25":3,"26":3,"27":0,"28":1,"29":7,"30":7,"31":3,"32":3,"33":3,"34":3,"35":3,"36":2,"37":2,"38":1,"39":1,"40":1,"41":1,"42":1,"43":1,"44":1,"45":1,"46":1,"47":0,"48":0,"49":0,"50":0,"51":0,"52":0,"53":0,"54":0,"55":0,"56":0,"57":0,"58":0,"59":0,"60":0,"61":0,"62":3,"63":3,"64":0,"65":3,"66":0,"67":3,"68":0,"69":3,"70":1,"71":2,"72":2,"73":2,"74":2,"75":0,"76":2,"77":0,"78":2,"79":2,"80":0,"81":2,"82":1,"83":1,"84":1,"85":0,"86":0,"87":0,"88":0,"89":0,"90":0,"91":0,"92":0,"93":0,"94":0,"95":0,"96":0,"97":0,"98":0,"99":0,"100":0,"101":0,"102":0,"103":0,"104":0,"105":0,"106":0,"107":0,"108":0,"109":0,"110":0,"111":0,"112":0,"113":0,"114":0,"115":0,"116":0,"117":0,"118":0},"f":{"0":5,"1":0,"2":0,"3":3,"4":0,"5":7,"6":3,"7":2,"8":0,"9":0,"10":0,"11":3,"12":0,"13":0,"14":0,"15":0,"16":0},"b":{"0":[1,0],"1":[0,0],"2":[2],"3":[2],"4":[4,1],"5":[5,4],"6":[0,1],"7":[0,0],"8":[0,1],"9":[0],"10":[7,1],"11":[3,3],"12":[3,3],"13":[3,2],"14":[3,2],"15":[3,2],"16":[3,3],"17":[3,3],"18":[3,1],"19":[3,2],"20":[3,3],"21":[3,3],"22":[3,3],"23":[3,2],"24":[3,2],"25":[3,2],"26":[3,2],"27":[3,2],"28":[3,2],"29":[3,3],"30":[3,3],"31":[3,2],"32":[3,3],"33":[3,3],"34":[3,3],"35":[3,1],"36":[3,3],"37":[3,2],"38":[1,1],"39":[1,0],"40":[1,0],"41":[1,0],"42":[1,0],"43":[1,0],"44":[1,0],"45":[1,1],"46":[1,1],"47":[0,0],"48":[0,0],"49":[0,0],"50":[0,0],"51":[0,0],"52":[0,0],"53":[0,0],"54":[0,0],"55":[0,0],"56":[0,0],"57":[0,0],"58":[0,0],"59":[0,0,0],"60":[1],"61":[0,3],"62":[0,3],"63":[0,3],"64":[1,2],"65":[2,0],"66":[1,1],"67":[2,1,1],"68":[0,2],"69":[0,2],"70":[2,0],"71":[0,2],"72":[1,1],"73":[1,1],"74":[1,0],"75":[1,0],"76":[0],"77":[0,0],"78":[0,0],"79":[0,0,0,0,0],"80":[0,0],"81":[0,0],"82":[0,0],"83":[0,0],"84":[0,0],"85":[0,0,0],"86":[0,0]},"_coverageSchema":"1a1c01bbd47fc00a2c39e90264f33305004495a9","hash":"9b349617b18f887ffe1f31cc63a0719f03969649"}
,"/Users/ktythaung/Desktop/ktm-cargo-express/src/components/portal/CustomerOrderHistory.jsx": {"path":"/Users/ktythaung/Desktop/ktm-cargo-express/src/components/portal/CustomerOrderHistory.jsx","statementMap":{"0":{"start":{"line":31,"column":18},"end":{"line":31,"column":20}},"1":{"start":{"line":33,"column":22},"end":{"line":45,"column":1}},"2":{"start":{"line":47,"column":30},"end":{"line":59,"column":1}},"3":{"start":{"line":61,"column":26},"end":{"line":72,"column":1}},"4":{"start":{"line":75,"column":30},"end":{"line":75,"column":42}},"5":{"start":{"line":76,"column":42},"end":{"line":76,"column":57}},"6":{"start":{"line":77,"column":44},"end":{"line":77,"column":58}},"7":{"start":{"line":78,"column":26},"end":{"line":78,"column":37}},"8":{"start":{"line":80,"column":49},"end":{"line":102,"column":4}},"9":{"start":{"line":83,"column":6},"end":{"line":83,"column":54}},"10":{"start":{"line":83,"column":44},"end":{"line":83,"column":54}},"11":{"start":{"line":85,"column":22},"end":{"line":85,"column":100}},"12":{"start":{"line":87,"column":54},"end":{"line":90,"column":8}},"13":{"start":{"line":92,"column":6},"end":{"line":94,"column":7}},"14":{"start":{"line":93,"column":8},"end":{"line":93,"column":37}},"15":{"start":{"line":96,"column":24},"end":{"line":96,"column":91}},"16":{"start":{"line":97,"column":29},"end":{"line":97,"column":106}},"17":{"start":{"line":99,"column":6},"end":{"line":99,"column":66}},"18":{"start":{"line":104,"column":25},"end":{"line":111,"column":42}},"19":{"start":{"line":105,"column":19},"end":{"line":105,"column":46}},"20":{"start":{"line":106,"column":4},"end":{"line":110,"column":7}},"21":{"start":{"line":107,"column":28},"end":{"line":107,"column":72}},"22":{"start":{"line":108,"column":28},"end":{"line":108,"column":83}},"23":{"start":{"line":109,"column":6},"end":{"line":109,"column":44}},"24":{"start":{"line":113,"column":21},"end":{"line":113,"column":78}},"25":{"start":{"line":114,"column":22},"end":{"line":114,"column":52}},"26":{"start":{"line":115,"column":26},"end":{"line":115,"column":102}},"27":{"start":{"line":117,"column":29},"end":{"line":120,"column":3}},"28":{"start":{"line":118,"column":4},"end":{"line":118,"column":19}},"29":{"start":{"line":119,"column":4},"end":{"line":119,"column":15}},"30":{"start":{"line":122,"column":29},"end":{"line":125,"column":3}},"31":{"start":{"line":123,"column":4},"end":{"line":123,"column":25}},"32":{"start":{"line":124,"column":4},"end":{"line":124,"column":15}},"33":{"start":{"line":127,"column":23},"end":{"line":149,"column":3}},"34":{"start":{"line":128,"column":16},"end":{"line":141,"column":16}},"35":{"start":{"line":131,"column":8},"end":{"line":139,"column":19}},"36":{"start":{"line":143,"column":17},"end":{"line":143,"column":54}},"37":{"start":{"line":144,"column":16},"end":{"line":144,"column":41}},"38":{"start":{"line":145,"column":14},"end":{"line":145,"column":41}},"39":{"start":{"line":146,"column":4},"end":{"line":146,"column":17}},"40":{"start":{"line":147,"column":4},"end":{"line":147,"column":73}},"41":{"start":{"line":148,"column":4},"end":{"line":148,"column":14}},"42":{"start":{"line":151,"column":25},"end":{"line":151,"column":108}},"43":{"start":{"line":152,"column":23},"end":{"line":152,"column":119}},"44":{"start":{"line":154,"column":2},"end":{"line":348,"column":4}},"45":{"start":{"line":165,"column":33},"end":{"line":165,"column":67}},"46":{"start":{"line":177,"column":18},"end":{"line":179,"column":31}},"47":{"start":{"line":203,"column":31},"end":{"line":203,"column":83}},"48":{"start":{"line":204,"column":34},"end":{"line":204,"column":99}},"49":{"start":{"line":205,"column":33},"end":{"line":205,"column":47}},"50":{"start":{"line":206,"column":16},"end":{"line":239,"column":18}},"51":{"start":{"line":234,"column":73},"end":{"line":234,"column":96}},"52":{"start":{"line":262,"column":33},"end":{"line":262,"column":54}},"53":{"start":{"line":262,"column":48},"end":{"line":262,"column":53}},"54":{"start":{"line":273,"column":33},"end":{"line":273,"column":54}},"55":{"start":{"line":273,"column":48},"end":{"line":273,"column":53}},"56":{"start":{"line":284,"column":57},"end":{"line":284,"column":79}}},"fnMap":{"0":{"name":"CustomerOrderHistory","decl":{"start":{"line":74,"column":24},"end":{"line":74,"column":44}},"loc":{"start":{"line":74,"column":59},"end":{"line":349,"column":1}},"line":74},"1":{"name":"(anonymous_1)","decl":{"start":{"line":82,"column":13},"end":{"line":82,"column":14}},"loc":{"start":{"line":82,"column":25},"end":{"line":100,"column":5}},"line":82},"2":{"name":"(anonymous_2)","decl":{"start":{"line":104,"column":33},"end":{"line":104,"column":34}},"loc":{"start":{"line":104,"column":39},"end":{"line":111,"column":3}},"line":104},"3":{"name":"(anonymous_3)","decl":{"start":{"line":106,"column":31},"end":{"line":106,"column":32}},"loc":{"start":{"line":106,"column":42},"end":{"line":110,"column":5}},"line":106},"4":{"name":"(anonymous_4)","decl":{"start":{"line":117,"column":29},"end":{"line":117,"column":30}},"loc":{"start":{"line":117,"column":38},"end":{"line":120,"column":3}},"line":117},"5":{"name":"(anonymous_5)","decl":{"start":{"line":122,"column":29},"end":{"line":122,"column":30}},"loc":{"start":{"line":122,"column":38},"end":{"line":125,"column":3}},"line":122},"6":{"name":"(anonymous_6)","decl":{"start":{"line":127,"column":23},"end":{"line":127,"column":24}},"loc":{"start":{"line":127,"column":29},"end":{"line":149,"column":3}},"line":127},"7":{"name":"(anonymous_7)","decl":{"start":{"line":130,"column":28},"end":{"line":130,"column":29}},"loc":{"start":{"line":131,"column":8},"end":{"line":139,"column":19}},"line":131},"8":{"name":"(anonymous_8)","decl":{"start":{"line":165,"column":26},"end":{"line":165,"column":27}},"loc":{"start":{"line":165,"column":33},"end":{"line":165,"column":67}},"line":165},"9":{"name":"(anonymous_9)","decl":{"start":{"line":176,"column":43},"end":{"line":176,"column":44}},"loc":{"start":{"line":177,"column":18},"end":{"line":179,"column":31}},"line":177},"10":{"name":"(anonymous_10)","decl":{"start":{"line":202,"column":35},"end":{"line":202,"column":36}},"loc":{"start":{"line":202,"column":46},"end":{"line":240,"column":15}},"line":202},"11":{"name":"(anonymous_11)","decl":{"start":{"line":234,"column":67},"end":{"line":234,"column":68}},"loc":{"start":{"line":234,"column":73},"end":{"line":234,"column":96}},"line":234},"12":{"name":"(anonymous_12)","decl":{"start":{"line":262,"column":27},"end":{"line":262,"column":28}},"loc":{"start":{"line":262,"column":33},"end":{"line":262,"column":54}},"line":262},"13":{"name":"(anonymous_13)","decl":{"start":{"line":262,"column":41},"end":{"line":262,"column":42}},"loc":{"start":{"line":262,"column":48},"end":{"line":262,"column":53}},"line":262},"14":{"name":"(anonymous_14)","decl":{"start":{"line":273,"column":27},"end":{"line":273,"column":28}},"loc":{"start":{"line":273,"column":33},"end":{"line":273,"column":54}},"line":273},"15":{"name":"(anonymous_15)","decl":{"start":{"line":273,"column":41},"end":{"line":273,"column":42}},"loc":{"start":{"line":273,"column":48},"end":{"line":273,"column":53}},"line":273},"16":{"name":"(anonymous_16)","decl":{"start":{"line":284,"column":51},"end":{"line":284,"column":52}},"loc":{"start":{"line":284,"column":57},"end":{"line":284,"column":79}},"line":284}},"branchMap":{"0":{"loc":{"start":{"line":80,"column":16},"end":{"line":80,"column":33}},"type":"default-arg","locations":[{"start":{"line":80,"column":31},"end":{"line":80,"column":33}}],"line":80},"1":{"loc":{"start":{"line":83,"column":6},"end":{"line":83,"column":54}},"type":"if","locations":[{"start":{"line":83,"column":6},"end":{"line":83,"column":54}},{"start":{},"end":{}}],"line":83},"2":{"loc":{"start":{"line":83,"column":10},"end":{"line":83,"column":42}},"type":"binary-expr","locations":[{"start":{"line":83,"column":10},"end":{"line":83,"column":23}},{"start":{"line":83,"column":27},"end":{"line":83,"column":42}}],"line":83},"3":{"loc":{"start":{"line":85,"column":22},"end":{
[...]
,"/Users/ktythaung/Desktop/ktm-cargo-express/src/pages/LandingPage.jsx": {"path":"/Users/ktythaung/Desktop/ktm-cargo-express/src/pages/LandingPage.jsx","statementMap":{"0":{"start":{"line":34,"column":19},"end":{"line":34,"column":32}},"1":{"start":{"line":35,"column":46},"end":{"line":35,"column":58}},"2":{"start":{"line":36,"column":38},"end":{"line":36,"column":53}},"3":{"start":{"line":37,"column":46},"end":{"line":37,"column":61}},"4":{"start":{"line":39,"column":22},"end":{"line":59,"column":3}},"5":{"start":{"line":40,"column":4},"end":{"line":40,"column":23}},"6":{"start":{"line":41,"column":4},"end":{"line":41,"column":39}},"7":{"start":{"line":41,"column":32},"end":{"line":41,"column":39}},"8":{"start":{"line":43,"column":4},"end":{"line":43,"column":24}},"9":{"start":{"line":44,"column":4},"end":{"line":58,"column":5}},"10":{"start":{"line":45,"column":22},"end":{"line":47,"column":8}},"11":{"start":{"line":48,"column":6},"end":{"line":52,"column":7}},"12":{"start":{"line":49,"column":8},"end":{"line":49,"column":71}},"13":{"start":{"line":51,"column":8},"end":{"line":51,"column":76}},"14":{"start":{"line":54,"column":6},"end":{"line":54,"column":46}},"15":{"start":{"line":55,"column":6},"end":{"line":55,"column":54}},"16":{"start":{"line":57,"column":6},"end":{"line":57,"column":27}},"17":{"start":{"line":61,"column":2},"end":{"line":663,"column":4}},"18":{"start":{"line":70,"column":29},"end":{"line":70,"column":76}},"19":{"start":{"line":129,"column":29},"end":{"line":129,"column":63}},"20":{"start":{"line":142,"column":29},"end":{"line":142,"column":53}},"21":{"start":{"line":149,"column":29},"end":{"line":149,"column":53}},"22":{"start":{"line":156,"column":29},"end":{"line":156,"column":53}},"23":{"start":{"line":161,"column":54},"end":{"line":161,"column":78}},"24":{"start":{"line":166,"column":54},"end":{"line":166,"column":78}},"25":{"start":{"line":212,"column":37},"end":{"line":212,"column":70}},"26":{"start":{"line":424,"column":14},"end":{"line":432,"column":20}},"27":{"start":{"line":466,"column":14},"end":{"line":484,"column":21}},"28":{"start":{"line":470,"column":22},"end":{"line":470,"column":71}}},"fnMap":{"0":{"name":"LandingPage","decl":{"start":{"line":33,"column":24},"end":{"line":33,"column":35}},"loc":{"start":{"line":33,"column":38},"end":{"line":664,"column":1}},"line":33},"1":{"name":"(anonymous_1)","decl":{"start":{"line":39,"column":22},"end":{"line":39,"column":23}},"loc":{"start":{"line":39,"column":35},"end":{"line":59,"column":3}},"line":39},"2":{"name":"(anonymous_2)","decl":{"start":{"line":70,"column":23},"end":{"line":70,"column":24}},"loc":{"start":{"line":70,"column":29},"end":{"line":70,"column":76}},"line":70},"3":{"name":"(anonymous_3)","decl":{"start":{"line":129,"column":23},"end":{"line":129,"column":24}},"loc":{"start":{"line":129,"column":29},"end":{"line":129,"column":63}},"line":129},"4":{"name":"(anonymous_4)","decl":{"start":{"line":142,"column":23},"end":{"line":142,"column":24}},"loc":{"start":{"line":142,"column":29},"end":{"line":142,"column":53}},"line":142},"5":{"name":"(anonymous_5)","decl":{"start":{"line":149,"column":23},"end":{"line":149,"column":24}},"loc":{"start":{"line":149,"column":29},"end":{"line":149,"column":53}},"line":149},"6":{"name":"(anonymous_6)","decl":{"start":{"line":156,"column":23},"end":{"line":156,"column":24}},"loc":{"start":{"line":156,"column":29},"end":{"line":156,"column":53}},"line":156},"7":{"name":"(anonymous_7)","decl":{"start":{"line":161,"column":48},"end":{"line":161,"column":49}},"loc":{"start":{"line":161,"column":54},"end":{"line":161,"column":78}},"line":161},"8":{"name":"(anonymous_8)","decl":{"start":{"line":166,"column":48},"end":{"line":166,"column":49}},"loc":{"start":{"line":166,"column":54},"end":{"line":166,"column":78}},"line":166},"9":{"name":"(anonymous_9)","decl":{"start":{"line":212,"column":30},"end":{"line":212,"column":31}},"loc":{"start":{"line":212,"column":37},"end":{"line":212,"column":70}},"line":212},"10":{"name":"(anonymous_10)","decl":{"start":{"line":423,"column":18},"end":{"line":423,"column":19}},"loc":{"start":{"line":424,"column":14},"end":{"line":432,"column":20}},"line":424},"11":{"name":"(anonymous_11)","decl":{"start":{"line":465,"column":18},"end":{"line":465,"column":19}},"loc":{"start":{"line":466,"column":14},"end":{"line":484,"column":21}},"line":466},"12":{"name":"(anonymous_12)","decl":{"start":{"line":469,"column":41},"end":{"line":469,"column":42}},"loc":{"start":{"line":470,"column":22},"end":{"line":470,"column":71}},"line":470}},"branchMap":{"0":{"loc":{"start":{"line":41,"column":4},"end":{"line":41,"column":39}},"type":"if","locations":[{"start":{"line":41,"column":4},"end":{"line":41,"column":39}},{"start":{},"end":{}}],"line":41},"1":{"loc":{"start":{"line":48,"column":6},"end":{"line":52,"column":7}},"type":"if","locations":[{"start":{"line":48,"column":6},"end":{"line":52,"column":7}},{"start":{"line":50,"column":13},"end":{"line":52,"column":7}}],"line":48},"2":{"loc":{"start":{"line":131,"column":15},"end":{"line":131,"column":48}},"type":"cond-expr","locations":[{"start":{"line":131,"column":32},"end":{"line":131,"column":37}},{"start":{"line":131,"column":40},"end":{"line":131,"column":48}}],"line":131},"3":{"loc":{"start":{"line":137,"column":9},"end":{"line":171,"column":9}},"type":"binary-expr","locations":[{"start":{"line":137,"column":9},"end":{"line":137,"column":23}},{"start":{"line":138,"column":10},"end":{"line":170,"column":16}}],"line":137},"4":{"loc":{"start":{"line":220,"column":19},"end":{"line":220,"column":55}},"type":"cond-expr","locations":[{"start":{"line":220,"column":32},"end":{"line":220,"column":45}},{"start":{"line":220,"column":48},"end":{"line":220,"column":55}}],"line":220}},"s":{"0":1,"1":1,"2":1,"3":1,"4":1,"5":0,"6":0,"7":0,"8":0,"9":0,"10":0,"11":0,"12":0,"13":0,"14":0,"15":0,"16":0,"17":1,"18":0,"19":0,"20":0,"21":0,"22":0,"23":0,"24":0,"25":0,"26":3,"27":3,"28":15},"f":{"0":1,"1":0,"2":0,"3":0,"4":0,"5":0,"6":0,"7":0,"8":0,"9":0,"10":3,"11":3,"12":15},"b":{"0":[0,0],"1":[0,0],"2":[0,1],"3":[1,0],"4":[0,1]},"_coverageSchema":"1a1c01bbd47fc00a2c39e90264f33305004495a9","hash":"19eb239fd0ab5ccf27c5e6fa9247413fa1d9996a"}
,"/Users/ktythaung/Desktop/ktm-cargo-express/src/pages/clientPortalDeepLink.js": {"path":"/Users/ktythaung/Desktop/ktm-cargo-express/src/pages/clientPortalDeepLink.js","statementMap":{"0":{"start":{"line":1,"column":29},"end":{"line":9,"column":2}},"1":{"start":{"line":11,"column":27},"end":{"line":11,"column":97}},"2":{"start":{"line":14,"column":17},"end":{"line":14,"column":50}},"3":{"start":{"line":15,"column":19},"end":{"line":15,"column":64}},"4":{"start":{"line":16,"column":25},"end":{"line":16,"column":61}},"5":{"start":{"line":18,"column":2},"end":{"line":20,"column":3}},"6":{"start":{"line":19,"column":4},"end":{"line":19,"column":77}},"7":{"start":{"line":22,"column":22},"end":{"line":22,"column":91}},"8":{"start":{"line":23,"column":28},"end":{"line":23,"column":68}},"9":{"start":{"line":24,"column":22},"end":{"line":24,"column":83}},"10":{"start":{"line":27,"column":2},"end":{"line":29,"column":3}},"11":{"start":{"line":28,"column":4},"end":{"line":28,"column":63}},"12":{"start":{"line":31,"column":2},"end":{"line":35,"column":4}}},"fnMap":{"0":{"name":"resolvePortalDeepLink","decl":{"start":{"line":13,"column":16},"end":{"line":13,"column":37}},"loc":{"start":{"line":13,"column":93},"end":{"line":36,"column":1}},"line":13}},"branchMap":{"0":{"loc":{"start":{"line":13,"column":40},"end":{"line":13,"column":51}},"type":"default-arg","locations":[{"start":{"line":13,"column":49},"end":{"line":13,"column":51}}],"line":13},"1":{"loc":{"start":{"line":13,"column":65},"end":{"line":13,"column":89}},"type":"default-arg","locations":[{"start":{"line":13,"column":78},"end":{"line":13,"column":89}}],"line":13},"2":{"loc":{"start":{"line":14,"column":37},"end":{"line":14,"column":49}},"type":"binary-expr","locations":[{"start":{"line":14,"column":37},"end":{"line":14,"column":43}},{"start":{"line":14,"column":47},"end":{"line":14,"column":49}}],"line":14},"3":{"loc":{"start":{"line":15,"column":19},"end":{"line":15,"column":64}},"type":"binary-expr","locations":[{"start":{"line":15,"column":19},"end":{"line":15,"column":58}},{"start":{"line":15,"column":62},"end":{"line":15,"column":64}}],"line":15},"4":{"loc":{"start":{"line":16,"column":25},"end":{"line":16,"column":61}},"type":"binary-expr","locations":[{"start":{"line":16,"column":25},"end":{"line":16,"column":55}},{"start":{"line":16,"column":59},"end":{"line":16,"column":61}}],"line":16},"5":{"loc":{"start":{"line":18,"column":2},"end":{"line":20,"column":3}},"type":"if","locations":[{"start":{"line":18,"column":2},"end":{"line":20,"column":3}},{"start":{},"end":{}}],"line":18},"6":{"loc":{"start":{"line":22,"column":22},"end":{"line":22,"column":91}},"type":"cond-expr","locations":[{"start":{"line":22,"column":50},"end":{"line":22,"column":70}},{"start":{"line":22,"column":73},"end":{"line":22,"column":91}}],"line":22},"7":{"loc":{"start":{"line":23,"column":28},"end":{"line":23,"column":68}},"type":"binary-expr","locations":[{"start":{"line":23,"column":28},"end":{"line":23,"column":38}},{"start":{"line":23,"column":42},"end":{"line":23,"column":68}}],"line":23},"8":{"loc":{"start":{"line":24,"column":22},"end":{"line":24,"column":83}},"type":"cond-expr","locations":[{"start":{"line":24,"column":62},"end":{"line":24,"column":70}},{"start":{"line":24,"column":73},"end":{"line":24,"column":83}}],"line":24},"9":{"loc":{"start":{"line":24,"column":22},"end":{"line":24,"column":59}},"type":"binary-expr","locations":[{"start":{"line":24,"column":22},"end":{"line":24,"column":30}},{"start":{"line":24,"column":34},"end":{"line":24,"column":59}}],"line":24},"10":{"loc":{"start":{"line":27,"column":2},"end":{"line":29,"column":3}},"type":"if","locations":[{"start":{"line":27,"column":2},"end":{"line":29,"column":3}},{"start":{},"end":{}}],"line":27},"11":{"loc":{"start":{"line":27,"column":6},"end":{"line":27,"column":49}},"type":"binary-expr","locations":[{"start":{"line":27,"column":6},"end":{"line":27,"column":31}},{"start":{"line":27,"column":35},"end":{"line":27,"column":49}}],"line":27},"12":{"loc":{"start":{"line":33,"column":20},"end":{"line":33,"column":67}},"type":"cond-expr","locations":[{"start":{"line":33,"column":48},"end":{"line":33,"column":62}},{"start":{"line":33,"column":65},"end":{"line":33,"column":67}}],"line":33}},"s":{"0":2,"1":2,"2":8,"3":8,"4":8,"5":8,"6":0,"7":8,"8":8,"9":8,"10":8,"11":2,"12":6},"f":{"0":8},"b":{"0":[0],"1":[5],"2":[8,0],"3":[8,0],"4":[8,5],"5":[0,8],"6":[6,2],"7":[8,8],"8":[5,3],"9":[8,8],"10":[2,6],"11":[8,6],"12":[4,2]},"_coverageSchema":"1a1c01bbd47fc00a2c39e90264f33305004495a9","hash":"39e915a26573dcc02ec8e1c6d21beb37784c6d08"}
,"/Users/ktythaung/Desktop/ktm-cargo-express/src/pages/layoutRouteGuards.js": {"path":"/Users/ktythaung/Desktop/ktm-cargo-express/src/pages/layoutRouteGuards.js","statementMap":{"0":{"start":{"line":1,"column":34},"end":{"line":1,"column":68}},"1":{"start":{"line":2,"column":31},"end":{"line":2,"column":71}},"2":{"start":{"line":5,"column":2},"end":{"line":7,"column":3}},"3":{"start":{"line":6,"column":4},"end":{"line":6,"column":16}},"4":{"start":{"line":9,"column":2},"end":{"line":9,"column":78}},"5":{"start":{"line":9,"column":49},"end":{"line":9,"column":76}}},"fnMap":{"0":{"name":"shouldBypassAppLayout","decl":{"start":{"line":4,"column":16},"end":{"line":4,"column":37}},"loc":{"start":{"line":4,"column":53},"end":{"line":10,"column":1}},"line":4},"1":{"name":"(anonymous_1)","decl":{"start":{"line":9,"column":37},"end":{"line":9,"column":38}},"loc":{"start":{"line":9,"column":49},"end":{"line":9,"column":76}},"line":9}},"branchMap":{"0":{"loc":{"start":{"line":4,"column":38},"end":{"line":4,"column":51}},"type":"default-arg","locations":[{"start":{"line":4,"column":49},"end":{"line":4,"column":51}}],"line":4},"1":{"loc":{"start":{"line":5,"column":2},"end":{"line":7,"column":3}},"type":"if","locations":[{"start":{"line":5,"column":2},"end":{"line":7,"column":3}},{"start":{},"end":{}}],"line":5}},"s":{"0":1,"1":1,"2":9,"3":2,"4":7,"5":12},"f":{"0":9,"1":12},"b":{"0":[0],"1":[2,7]},"_coverageSchema":"1a1c01bbd47fc00a2c39e90264f33305004495a9","hash":"08588dc39c02d7905b48eb822bf0979f88954dda"}
,"/Users/ktythaung/Desktop/ktm-cargo-express/src/pages/procurementQueryKeys.js": {"path":"/Users/ktythaung/Desktop/ktm-cargo-express/src/pages/procurementQueryKeys.js","statementMap":{"0":{"start":{"line":1,"column":45},"end":{"line":1,"column":66}},"1":{"start":{"line":4,"column":2},"end":{"line":4,"column":84}}},"fnMap":{"0":{"name":"invalidateProcurementInvoiceQueries","decl":{"start":{"line":3,"column":16},"end":{"line":3,"column":51}},"loc":{"start":{"line":3,"column":65},"end":{"line":5,"column":1}},"line":3}},"branchMap":{},"s":{"0":1,"1":1},"f":{"0":1},"b":{},"_coverageSchema":"1a1c01bbd47fc00a2c39e90264f33305004495a9","hash":"b9ece837dec1fd7386ed2f9d07fe1deb6237ad97"}
,"/Users/ktythaung/Desktop/ktm-cargo-express/src/pages/shoppingOrderFilters.js": {"path":"/Users/ktythaung/Desktop/ktm-cargo-express/src/pages/shoppingOrderFilters.js","statementMap":{"0":{"start":{"line":2,"column":2},"end":{"line":2,"column":77}},"1":{"start":{"line":9,"column":2},"end":{"line":28,"column":5}},"2":{"start":{"line":10,"column":4},"end":{"line":10,"column":99}},"3":{"start":{"line":10,"column":86},"end":{"line":10,"column":99}},"4":{"start":{"line":11,"column":4},"end":{"line":12,"column":19}},"5":{"start":{"line":12,"column":6},"end":{"line":12,"column":19}},"6":{"start":{"line":13,"column":4},"end":{"line":13,"column":80}},"7":{"start":{"line":13,"column":67},"end":{"line":13,"column":80}},"8":{"start":{"line":14,"column":4},"end":{"line":14,"column":78}},"9":{"start":{"line":14,"column":65},"end":{"line":14,"column":78}},"10":{"start":{"line":16,"column":4},"end":{"line":16,"column":78}},"11":{"start":{"line":16,"column":65},"end":{"line":16,"column":78}},"12":{"start":{"line":18,"column":4},"end":{"line":25,"column":5}},"13":{"start":{"line":19,"column":20},"end":{"line":19,"column":45}},"14":{"start":{"line":20,"column":6},"end":{"line":24,"column":8}},"15":{"start":{"line":27,"column":4},"end":{"line":27,"column":16}}},"fnMap":{"0":{"name":"isUnpaidShoppingOrder","decl":{"start":{"line":1,"column":16},"end":{"line":1,"column":37}},"loc":{"start":{"line":1,"column":45},"end":{"line":3,"column":1}},"line":1},"1":{"name":"filterShoppingOrders","decl":{"start":{"line":5,"column":16},"end":{"line":5,"column":36}},"loc":{"start":{"line":8,"column":2},"end":{"line":29,"column":1}},"line":8},"2":{"name":"(anonymous_2)","decl":{"start":{"line":9,"column":23},"end":{"line":9,"column":24}},"loc":{"start":{"line":9,"column":34},"end":{"line":28,"column":3}},"line":9}},"branchMap":{"0":{"loc":{"start":{"line":2,"column":9},"end":{"line":2,"column":76}},"type":"binary-expr","locations":[{"start":{"line":2,"column":9},"end":{"line":2,"column":43}},{"start":{"line":2,"column":47},"end":{"line":2,"column":76}}],"line":2},"1":{"loc":{"start":{"line":7,"column":2},"end":{"line":7,"column":68}},"type":"default-arg","locations":[{"start":{"line":7,"column":66},"end":{"line":7,"column":68}}],"line":7},"2":{"loc":{"start":{"line":7,"column":4},"end":{"line":7,"column":21}},"type":"default-arg","locations":[{"start":{"line":7,"column":16},"end":{"line":7,"column":21}}],"line":7},"3":{"loc":{"start":{"line":7,"column":23},"end":{"line":7,"column":43}},"type":"default-arg","locations":[{"start":{"line":7,"column":38},"end":{"line":7,"column":43}}],"line":7},"4":{"loc":{"start":{"line":7,"column":45},"end":{"line":7,"column":61}},"type":"default-arg","locations":[{"start":{"line":7,"column":59},"end":{"line":7,"column":61}}],"line":7},"5":{"loc":{"start":{"line":10,"column":4},"end":{"line":10,"column":99}},"type":"if","locations":[{"start":{"line":10,"column":4},"end":{"line":10,"column":99}},{"start":{},"end":{}}],"line":10},"6":{"loc":{"start":{"line":10,"column":8},"end":{"line":10,"column":84}},"type":"binary-expr","locations":[{"start":{"line":10,"column":8},"end":{"line":10,"column":31}},{"start":{"line":10,"column":35},"end":{"line":10,"column":84}}],"line":10},"7":{"loc":{"start":{"line":11,"column":4},"end":{"line":12,"column":19}},"type":"if","locations":[{"start":{"line":11,"column":4},"end":{"line":12,"column":19}},{"start":{},"end":{}}],"line":11},"8":{"loc":{"start":{"line":11,"column":8},"end":{"line":11,"column":99}},"type":"binary-expr","locations":[{"start":{"line":11,"column":8},"end":{"line":11,"column":34}},{"start":{"line":11,"column":38},"end":{"line":11,"column":99}}],"line":11},"9":{"loc":{"start":{"line":13,"column":4},"end":{"line":13,"column":80}},"type":"if","locations":[{"start":{"line":13,"column":4},"end":{"line":13,"column":80}},{"start":{},"end":{}}],"line":13},"10":{"loc":{"start":{"line":13,"column":8},"end":{"line":13,"column":65}},"type":"binary-expr","locations":[{"start":{"line":13,"column":8},"end":{"line":13,"column":33}},{"start":{"line":13,"column":37},"end":{"line":13,"column":65}}],"line":13},"11":{"loc":{"start":{"line":14,"column":4},"end":{"line":14,"column":78}},"type":"if","locations":[{"start":{"line":14,"column":4},"end":{"line":14,"column":78}},{"start":{},"end":{}}],"line":14},"12":{"loc":{"start":{"line":14,"column":8},"end":{"line":14,"column":63}},"type":"binary-expr","locations":[{"start":{"line":14,"column":8},"end":{"line":14,"column":30}},{"start":{"line":14,"column":34},"end":{"line":14,"column":63}}],"line":14},"13":{"loc":{"start":{"line":16,"column":4},"end":{"line":16,"column":78}},"type":"if","locations":[{"start":{"line":16,"column":4},"end":{"line":16,"column":78}},{"start":{},"end":{}}],"line":16},"14":{"loc":{"start":{"line":16,"column":8},"end":{"line":16,"column":63}},"type":"binary-expr","locations":[{"start":{"line":16,"column":8},"end":{"line":16,"column":30}},{"start":{"line":16,"column":34},"end":{"line":16,"column":63}}],"line":16},"15":{"loc":{"start":{"line":18,"column":4},"end":{"line":25,"column":5}},"type":"if","locations":[{"start":{"line":18,"column":4},"end":{"line":25,"column":5}},{"start":{},"end":{}}],"line":18},"16":{"loc":{"start":{"line":21,"column":8},"end":{"line":23,"column":67}},"type":"binary-expr","locations":[{"start":{"line":21,"column":8},"end":{"line":21,"column":65}},{"start":{"line":22,"column":8},"end":{"line":22,"column":64}},{"start":{"line":23,"column":8},"end":{"line":23,"column":67}}],"line":21},"17":{"loc":{"start":{"line":21,"column":9},"end":{"line":21,"column":34}},"type":"binary-expr","locations":[{"start":{"line":21,"column":9},"end":{"line":21,"column":28}},{"start":{"line":21,"column":32},"end":{"line":21,"column":34}}],"line":21},"18":{"loc":{"start":{"line":22,"column":9},"end":{"line":22,"column":33}},"type":"binary-expr","locations":[{"start":{"line":22,"column":9},"end":{"line":22,"column":27}},{"start":{"line":22,"column":31},"end":{"line":22,"column":33}}],"line":22},"19":{"loc":{"start":{"line":23,"column":9},"end":{"line":23,"column":36}},"type":"binary-expr","locations":[{"start":{"line":23,"column":9},"end":{"line":23,"column":30}},{"start":{"line":23,"column":34},"end":{"line":23,"column":36}}],"line":23}},"s":{"0":8,"1":2,"2":8,"3":0,"4":8,"5":0,"6":8,"7":0,"8":8,"9":3,"10":5,"11":3,"12":2,"13":1,"14":1,"15":1},"f":{"0":8,"1":2,"2":8},"b":{"0":[8,4],"1":[0],"2":[0],"3":[1],"4":[1],"5":[0,8],"6":[8,0],"7":[0,8],"8":[8,0],"9":[0,8],"10":[8,0],"11":[3,5],"12":[8,4],"13":[3,2],"14":[5,4],"15":[1,1],"16":[1,1,1],"17":[1,0],"18":[1,0],"19":[1,0]},"_coverageSchema":"1a1c01bbd47fc00a2c39e90264f33305004495a9","hash":"3ee8b9e84b64a38709b98422dac52896be2fd3bc"}
}
