TN:
SF:src/App.jsx
FN:19,App
FNF:1
FNH:1
FNDA:1,App
DA:8,1
DA:20,1
LF:2
LH:2
BRF:0
BRH:0
end_of_record
TN:
SF:src/api/db.js
FN:18,toSafeError
FN:55,(anonymous_1)
FN:63,(anonymous_2)
FN:64,(anonymous_3)
FN:81,(anonymous_4)
FN:91,(anonymous_5)
FN:95,(anonymous_6)
FN:126,(anonymous_7)
FN:129,(anonymous_8)
FN:139,(anonymous_9)
FN:150,(anonymous_10)
FNF:11
FNH:8
FNDA:0,toSafeError
FNDA:0,(anonymous_1)
FNDA:39,(anonymous_2)
FNDA:2,(anonymous_3)
FNDA:1,(anonymous_4)
FNDA:3,(anonymous_5)
FNDA:4,(anonymous_6)
FNDA:36,(anonymous_7)
FNDA:1,(anonymous_8)
FNDA:1,(anonymous_9)
FNDA:0,(anonymous_10)
DA:5,1
DA:20,0
DA:37,0
DA:38,0
DA:40,0
DA:41,0
DA:42,0
DA:45,0
DA:46,0
DA:47,0
DA:48,0
DA:51,0
DA:55,1
DA:56,0
DA:57,0
DA:58,0
DA:59,0
DA:63,39
DA:65,2
DA:67,2
DA:68,0
DA:69,0
DA:72,2
DA:73,0
DA:76,2
DA:77,2
DA:78,2
DA:82,1
DA:87,1
DA:88,1
DA:92,3
DA:95,3
DA:96,4
DA:99,2
DA:100,2
DA:102,0
DA:106,2
DA:110,3
DA:111,0
DA:112,0
DA:115,3
DA:116,0
DA:119,3
DA:120,3
DA:121,3
DA:126,36
DA:130,1
DA:135,1
DA:136,1
DA:140,1
DA:146,1
DA:147,1
DA:151,0
DA:152,0
DA:153,0
DA:157,1
LF:56
LH:31
BRDA:5,0,0,1
BRDA:5,0,1,0
BRDA:7,1,0,0
BRDA:7,1,1,0
BRDA:18,2,0,0
BRDA:20,3,0,0
BRDA:20,3,1,0
BRDA:20,4,0,0
BRDA:20,4,1,0
BRDA:37,5,0,0
BRDA:37,5,1,0
BRDA:37,5,2,0
BRDA:37,5,3,0
BRDA:40,6,0,0
BRDA:40,6,1,0
BRDA:45,7,0,0
BRDA:45,7,1,0
BRDA:56,8,0,0
BRDA:56,8,1,0
BRDA:58,9,0,0
BRDA:58,9,1,0
BRDA:63,10,0,2
BRDA:67,11,0,0
BRDA:67,11,1,2
BRDA:72,12,0,0
BRDA:72,12,1,2
BRDA:77,13,0,0
BRDA:77,13,1,2
BRDA:78,14,0,2
BRDA:78,14,1,0
BRDA:87,15,0,0
BRDA:87,15,1,1
BRDA:96,16,0,2
BRDA:96,16,1,2
BRDA:96,17,0,4
BRDA:96,17,1,4
BRDA:96,17,2,2
BRDA:99,18,0,2
BRDA:99,18,1,0
BRDA:110,19,0,0
BRDA:110,19,1,3
BRDA:115,20,0,0
BRDA:115,20,1,3
BRDA:120,21,0,0
BRDA:120,21,1,3
BRDA:121,22,0,3
BRDA:121,22,1,0
BRDA:126,23,0,3
BRDA:135,24,0,0
BRDA:135,24,1,1
BRDA:146,25,0,0
BRDA:146,25,1,1
BRDA:152,26,0,0
BRDA:152,26,1,0
BRF:54
BRH:20
end_of_record
TN:
SF:src/api/logger.js
FN:16,(anonymous_0)
FN:41,(anonymous_1)
FNF:2
FNH:0
FNDA:0,(anonymous_0)
FNDA:0,(anonymous_1)
DA:8,1
DA:10,1
DA:17,0
DA:20,0
DA:21,0
DA:22,0
DA:27,0
DA:42,0
DA:44,0
LF:9
LH:2
BRDA:8,0,0,1
BRDA:8,0,1,1
BRDA:16,1,0,0
BRDA:17,2,0,0
BRDA:17,2,1,0
BRDA:21,3,0,0
BRDA:21,3,1,0
BRDA:41,4,0,0
BRDA:42,5,0,0
BRDA:42,5,1,0
BRF:10
BRH:2
end_of_record
TN:
SF:src/components/ErrorBoundary.jsx
FN:9,(anonymous_0)
FN:21,(anonymous_1)
FN:25,(anonymous_2)
FN:31,(anonymous_3)
FN:37,(anonymous_4)
FN:52,(anonymous_5)
FN:63,(anonymous_6)
FN:85,(anonymous_7)
FN:115,(anonymous_8)
FNF:9
FNH:2
FNDA:1,(anonymous_0)
FNDA:0,(anonymous_1)
FNDA:0,(anonymous_2)
FNDA:0,(anonymous_3)
FNDA:0,(anonymous_4)
FNDA:0,(anonymous_5)
FNDA:1,(anonymous_6)
FNDA:0,(anonymous_7)
FNDA:0,(anonymous_8)
DA:10,1
DA:11,1
DA:22,0
DA:27,0
DA:28,0
DA:31,1
DA:32,0
DA:34,0
DA:37,0
DA:38,0
DA:43,0
DA:48,0
DA:52,1
DA:53,0
DA:60,0
DA:64,1
DA:65,0
DA:85,0
DA:115,0
DA:127,1
LF:20
LH:6
BRDA:32,0,0,0
BRDA:32,0,1,0
BRDA:64,1,0,0
BRDA:64,1,1,1
BRDA:77,2,0,0
BRDA:77,2,1,0
BRDA:94,3,0,0
BRDA:94,3,1,0
BRDA:97,4,0,0
BRDA:97,4,1,0
BRDA:98,5,0,0
BRDA:98,5,1,0
BRDA:108,6,0,0
BRDA:108,6,1,0
BRDA:108,6,2,0
BRF:15
BRH:1
end_of_record
TN:
SF:src/components/documents/DocumentGenerator.jsx
FN:18,escapeHtml
FN:36,DocumentGenerator
FN:40,(anonymous_2)
FN:43,(anonymous_3)
FN:49,(anonymous_4)
FN:57,(anonymous_5)
FN:84,(anonymous_6)
FN:115,(anonymous_7)
FN:123,(anonymous_8)
FN:138,generateDocumentHTML
FNF:10
FNH:2
FNDA:0,escapeHtml
FNDA:1,DocumentGenerator
FNDA:0,(anonymous_2)
FNDA:0,(anonymous_3)
FNDA:0,(anonymous_4)
FNDA:0,(anonymous_5)
FNDA:4,(anonymous_6)
FNDA:0,(anonymous_7)
FNDA:0,(anonymous_8)
FNDA:0,generateDocumentHTML
DA:19,0
DA:20,0
DA:21,0
DA:29,1
DA:37,1
DA:38,1
DA:40,1
DA:41,0
DA:43,0
DA:44,0
DA:45,0
DA:46,0
DA:49,1
DA:50,0
DA:51,0
DA:52,0
DA:57,1
DA:58,0
DA:59,0
DA:61,0
DA:62,0
DA:63,0
DA:66,1
DA:85,4
DA:86,4
DA:87,4
DA:89,4
DA:115,0
DA:123,0
DA:139,0
DA:140,0
DA:141,0
DA:142,0
DA:143,0
DA:144,0
DA:145,0
DA:146,0
DA:147,0
DA:148,0
DA:149,0
DA:150,0
DA:151,0
DA:152,0
DA:153,0
DA:154,0
DA:156,0
DA:176,0
DA:367,0
LF:48
LH:11
BRDA:19,0,0,0
BRDA:19,0,1,0
BRDA:51,1,0,0
BRDA:51,1,1,0
BRDA:93,2,0,0
BRDA:93,2,1,4
BRDA:97,3,0,0
BRDA:97,3,1,4
BRDA:99,4,0,0
BRDA:99,4,1,4
BRDA:104,5,0,4
BRDA:104,5,1,4
BRDA:112,6,0,0
BRDA:112,6,1,4
BRDA:126,7,0,0
BRDA:126,7,1,4
BRDA:140,8,0,0
BRDA:140,8,1,0
BRDA:141,9,0,0
BRDA:141,9,1,0
BRDA:142,10,0,0
BRDA:142,10,1,0
BRDA:143,11,0,0
BRDA:143,11,1,0
BRDA:144,12,0,0
BRDA:144,12,1,0
BRDA:145,13,0,0
BRDA:145,13,1,0
BRDA:146,14,0,0
BRDA:146,14,1,0
BRDA:147,15,0,0
BRDA:147,15,1,0
BRDA:148,16,0,0
BRDA:148,16,1,0
BRDA:149,17,0,0
BRDA:149,17,1,0
BRDA:150,18,0,0
BRDA:150,18,1,0
BRDA:151,19,0,0
BRDA:151,19,1,0
BRDA:152,20,0,0
BRDA:152,20,1,0
BRDA:153,21,0,0
BRDA:153,21,1,0
BRDA:154,22,0,0
BRDA:154,22,1,0
BRDA:207,23,0,0
BRDA:207,23,1,0
BRDA:207,24,0,0
BRDA:207,24,1,0
BRDA:209,25,0,0
BRDA:209,25,1,0
BRDA:210,26,0,0
BRDA:210,26,1,0
BRDA:257,27,0,0
BRDA:257,27,1,0
BRDA:267,28,0,0
BRDA:267,28,1,0
BRDA:307,29,0,0
BRDA:307,29,1,0
BRDA:344,30,0,0
BRDA:344,30,1,0
BRDA:367,31,0,0
BRDA:367,31,1,0
BRF:64
BRH:7
end_of_record
TN:
SF:src/components/invoices/InvoiceService.js
FN:48,getNextInvoiceNumber
FN:62,(anonymous_1)
FN:83,(anonymous_2)
FN:99,generateInvoiceNumberFallback
FN:109,generateInvoiceNumber
FN:124,calculateDueDate
FN:133,createCustomerInvoice
FN:196,createInvoiceFromShipment
FN:239,createInvoiceFromShoppingOrder
FN:283,issueInvoice
FN:294,markInvoiceSent
FN:304,recordPayment
FN:360,voidInvoice
FN:371,getInvoiceStats
FN:388,(anonymous_14)
FN:429,getOverdueInvoices
FN:433,(anonymous_16)
FNF:17
FNH:6
FNDA:5,getNextInvoiceNumber
FNDA:0,(anonymous_1)
FNDA:0,(anonymous_2)
FNDA:3,generateInvoiceNumberFallback
FNDA:0,generateInvoiceNumber
FNDA:7,calculateDueDate
FNDA:3,createCustomerInvoice
FNDA:2,createInvoiceFromShipment
FNDA:0,createInvoiceFromShoppingOrder
FNDA:0,issueInvoice
FNDA:0,markInvoiceSent
FNDA:3,recordPayment
FNDA:0,voidInvoice
FNDA:0,getInvoiceStats
FNDA:0,(anonymous_14)
FNDA:0,getOverdueInvoices
FNDA:0,(anonymous_16)
DA:20,1
DA:36,1
DA:49,5
DA:50,5
DA:52,5
DA:54,1
DA:56,0
DA:60,0
DA:61,0
DA:62,0
DA:63,0
DA:66,0
DA:69,0
DA:76,1
DA:80,1
DA:81,0
DA:83,0
DA:84,0
DA:87,1
DA:90,1
DA:100,3
DA:101,3
DA:102,3
DA:103,3
DA:104,3
DA:105,3
DA:110,0
DA:116,1
DA:125,7
DA:126,7
DA:134,3
DA:135,3
DA:137,3
DA:139,3
DA:190,3
DA:198,2
DA:202,2
DA:203,1
DA:206,1
DA:207,1
DA:208,1
DA:209,1
DA:210,1
DA:211,1
DA:213,1
DA:233,1
DA:241,0
DA:245,0
DA:246,0
DA:249,0
DA:250,0
DA:251,0
DA:252,0
DA:253,0
DA:255,0
DA:257,0
DA:276,0
DA:284,0
DA:288,0
DA:295,0
DA:298,0
DA:305,3
DA:306,3
DA:307,0
DA:310,3
DA:311,0
DA:314,3
DA:315,0
DA:318,3
DA:319,1
DA:322,2
DA:323,2
DA:325,2
DA:329,2
DA:330,0
DA:333,2
DA:334,0
DA:337,2
DA:338,2
DA:339,0
DA:343,2
DA:344,1
DA:348,1
DA:354,1
DA:361,0
DA:365,0
DA:372,0
DA:386,0
DA:388,0
DA:389,0
DA:390,0
DA:392,0
DA:394,0
DA:395,0
DA:397,0
DA:398,0
DA:400,0
DA:401,0
DA:402,0
DA:404,0
DA:406,0
DA:407,0
DA:408,0
DA:409,0
DA:410,0
DA:412,0
DA:414,0
DA:415,0
DA:416,0
DA:418,0
DA:419,0
DA:423,0
DA:430,0
DA:431,0
DA:433,0
DA:434,0
DA:435,0
DA:437,0
LF:118
LH:52
BRDA:20,0,0,1
BRDA:20,0,1,0
BRDA:22,1,0,0
BRDA:22,1,1,0
BRDA:48,2,0,2
BRDA:49,3,0,2
BRDA:52,4,0,4
BRDA:52,4,1,1
BRDA:52,5,0,5
BRDA:52,5,1,4
BRDA:54,6,0,0
BRDA:54,6,1,1
BRDA:60,7,0,0
BRDA:60,7,1,0
BRDA:80,8,0,0
BRDA:80,8,1,1
BRDA:124,9,0,0
BRDA:125,10,0,7
BRDA:125,10,1,1
BRDA:134,11,0,3
BRDA:134,11,1,3
BRDA:135,12,0,3
BRDA:135,12,1,3
BRDA:141,13,0,3
BRDA:141,13,1,2
BRDA:144,14,0,3
BRDA:144,14,1,2
BRDA:145,15,0,3
BRDA:145,15,1,2
BRDA:146,16,0,3
BRDA:146,16,1,3
BRDA:147,17,0,3
BRDA:147,17,1,3
BRDA:150,18,0,3
BRDA:150,18,1,1
BRDA:152,19,0,3
BRDA:152,19,1,2
BRDA:153,20,0,3
BRDA:153,20,1,3
BRDA:154,21,0,3
BRDA:154,21,1,3
BRDA:158,22,0,3
BRDA:158,22,1,3
BRDA:161,23,0,3
BRDA:161,23,1,2
BRDA:162,24,0,3
BRDA:162,24,1,2
BRDA:163,25,0,3
BRDA:163,25,1,2
BRDA:166,26,0,3
BRDA:166,26,1,2
BRDA:167,27,0,3
BRDA:167,27,1,2
BRDA:168,28,0,3
BRDA:168,28,1,2
BRDA:169,29,0,3
BRDA:169,29,1,3
BRDA:170,30,0,3
BRDA:170,30,1,3
BRDA:173,31,0,3
BRDA:173,31,1,2
BRDA:174,32,0,3
BRDA:174,32,1,3
BRDA:175,33,0,3
BRDA:175,33,1,3
BRDA:176,34,0,3
BRDA:176,34,1,3
BRDA:177,35,0,3
BRDA:177,35,1,1
BRDA:181,36,0,3
BRDA:181,36,1,3
BRDA:187,37,0,3
BRDA:187,37,1,2
BRDA:202,38,0,1
BRDA:202,38,1,1
BRDA:206,39,0,1
BRDA:206,39,1,0
BRDA:207,40,0,1
BRDA:207,40,1,0
BRDA:209,41,0,1
BRDA:209,41,1,0
BRDA:210,42,0,1
BRDA:210,42,1,0
BRDA:217,43,0,1
BRDA:217,43,1,0
BRDA:219,44,0,1
BRDA:219,44,1,0
BRDA:221,45,0,1
BRDA:221,45,1,1
BRDA:230,46,0,1
BRDA:230,46,1,1
BRDA:245,47,0,0
BRDA:245,47,1,0
BRDA:249,48,0,0
BRDA:249,48,1,0
BRDA:249,49,0,0
BRDA:249,49,1,0
BRDA:250,50,0,0
BRDA:250,50,1,0
BRDA:251,51,0,0
BRDA:251,51,1,0
BRDA:252,52,0,0
BRDA:252,52,1,0
BRDA:252,53,0,0
BRDA:252,53,1,0
BRDA:253,54,0,0
BRDA:253,54,1,0
BRDA:255,55,0,0
BRDA:255,55,1,0
BRDA:261,56,0,0
BRDA:261,56,1,0
BRDA:263,57,0,0
BRDA:263,57,1,0
BRDA:264,58,0,0
BRDA:264,58,1,0
BRDA:273,59,0,0
BRDA:273,59,1,0
BRDA:273,59,2,0
BRDA:304,60,0,1
BRDA:306,61,0,0
BRDA:306,61,1,3
BRDA:310,62,0,0
BRDA:310,62,1,3
BRDA:314,63,0,0
BRDA:314,63,1,3
BRDA:318,64,0,1
BRDA:318,64,1,2
BRDA:322,65,0,2
BRDA:322,65,1,0
BRDA:325,66,0,1
BRDA:325,66,1,1
BRDA:325,67,0,2
BRDA:325,67,1,1
BRDA:325,67,2,1
BRDA:329,68,0,0
BRDA:329,68,1,2
BRDA:333,69,0,0
BRDA:333,69,1,2
BRDA:337,70,0,2
BRDA:337,70,1,0
BRDA:338,71,0,0
BRDA:338,71,1,2
BRDA:343,72,0,1
BRDA:343,72,1,1
BRDA:350,73,0,1
BRDA:350,73,1,1
BRDA:351,74,0,1
BRDA:351,74,1,0
BRDA:352,75,0,1
BRDA:352,75,1,0
BRDA:360,76,0,0
BRDA:363,77,0,0
BRDA:363,77,1,0
BRDA:389,78,0,0
BRDA:389,78,1,0
BRDA:392,79,0,0
BRDA:392,79,1,0
BRDA:392,79,2,0
BRDA:392,79,3,0
BRDA:392,79,4,0
BRDA:400,80,0,0
BRDA:400,80,1,0
BRDA:400,81,0,0
BRDA:400,81,1,0
BRDA:408,82,0,0
BRDA:408,82,1,0
BRDA:408,83,0,0
BRDA:408,83,1,0
BRDA:434,84,0,0
BRDA:434,84,1,0
BRDA:434,85,0,0
BRDA:434,85,1,0
BRDA:434,85,2,0
BRDA:437,86,0,0
BRDA:437,86,1,0
BRF:175
BRH:99
end_of_record
TN:
SF:src/components/portal/CustomerOrderHistory.jsx
FN:74,CustomerOrderHistory
FN:82,(anonymous_1)
FN:104,(anonymous_2)
FN:106,(anonymous_3)
FN:117,(anonymous_4)
FN:122,(anonymous_5)
FN:127,(anonymous_6)
FN:130,(anonymous_7)
FN:165,(anonymous_8)
FN:176,(anonymous_9)
FN:202,(anonymous_10)
FN:234,(anonymous_11)
FN:262,(anonymous_12)
FN:262,(anonymous_13)
FN:273,(anonymous_14)
FN:273,(anonymous_15)
FN:284,(anonymous_16)
FNF:17
FNH:6
FNDA:2,CustomerOrderHistory
FNDA:1,(anonymous_1)
FNDA:2,(anonymous_2)
FNDA:2,(anonymous_3)
FNDA:0,(anonymous_4)
FNDA:0,(anonymous_5)
FNDA:0,(anonymous_6)
FNDA:0,(anonymous_7)
FNDA:0,(anonymous_8)
FNDA:22,(anonymous_9)
FNDA:2,(anonymous_10)
FNDA:0,(anonymous_11)
FNDA:0,(anonymous_12)
FNDA:0,(anonymous_13)
FNDA:0,(anonymous_14)
FNDA:0,(anonymous_15)
FNDA:0,(anonymous_16)
DA:31,1
DA:33,1
DA:47,1
DA:61,1
DA:75,2
DA:76,2
DA:77,2
DA:78,2
DA:80,2
DA:83,1
DA:85,1
DA:87,1
DA:92,1
DA:93,0
DA:96,1
DA:97,1
DA:99,1
DA:104,2
DA:105,2
DA:106,2
DA:107,2
DA:108,2
DA:109,2
DA:113,2
DA:114,2
DA:115,2
DA:117,2
DA:118,0
DA:119,0
DA:122,2
DA:123,0
DA:124,0
DA:127,2
DA:128,0
DA:131,0
DA:143,0
DA:144,0
DA:145,0
DA:146,0
DA:147,0
DA:148,0
DA:151,2
DA:152,2
DA:154,2
DA:165,0
DA:177,22
DA:203,2
DA:204,2
DA:205,2
DA:206,2
DA:234,0
DA:262,0
DA:273,0
DA:284,0
LF:54
LH:36
BRDA:80,0,0,1
BRDA:83,1,0,0
BRDA:83,1,1,1
BRDA:83,2,0,1
BRDA:83,2,1,0
BRDA:85,3,0,1
BRDA:85,3,1,0
BRDA:92,4,0,0
BRDA:92,4,1,1
BRDA:92,5,0,1
BRDA:92,5,1,0
BRDA:96,6,0,1
BRDA:96,6,1,0
BRDA:97,7,0,1
BRDA:97,7,1,0
BRDA:101,8,0,2
BRDA:101,8,1,0
BRDA:107,9,0,2
BRDA:107,9,1,0
BRDA:108,10,0,2
BRDA:108,10,1,0
BRDA:109,11,0,2
BRDA:109,11,1,2
BRDA:134,12,0,0
BRDA:134,12,1,0
BRDA:135,13,0,0
BRDA:135,13,1,0
BRDA:151,14,0,0
BRDA:151,14,1,2
BRDA:151,15,0,0
BRDA:151,15,1,0
BRDA:152,16,0,0
BRDA:152,16,1,2
BRDA:152,17,0,0
BRDA:152,17,1,0
BRDA:178,18,0,22
BRDA:178,18,1,0
BRDA:196,19,0,1
BRDA:196,19,1,1
BRDA:200,20,0,1
BRDA:200,20,1,0
BRDA:203,21,0,2
BRDA:203,21,1,0
BRDA:204,22,0,2
BRDA:204,22,1,0
BRDA:218,23,0,2
BRDA:218,23,1,0
BRDA:222,24,0,2
BRDA:222,24,1,0
BRDA:250,25,0,2
BRDA:250,25,1,0
BRDA:289,26,0,2
BRDA:289,26,1,0
BRDA:303,27,0,0
BRDA:303,27,1,0
BRDA:314,28,0,0
BRDA:314,28,1,0
BRDA:324,29,0,0
BRDA:324,29,1,0
BRDA:327,30,0,0
BRDA:327,30,1,0
BRDA:327,30,2,0
BRDA:337,31,0,0
BRDA:337,31,1,0
BRF:64
BRH:25
end_of_record
TN:
SF:src/components/ui/accordion.jsx
FN:9,(anonymous_0)
FN:14,(anonymous_1)
FN:31,(anonymous_2)
FNF:3
FNH:3
FNDA:4,(anonymous_0)
FNDA:4,(anonymous_1)
FNDA:4,(anonymous_2)
DA:7,1
DA:9,1
DA:10,4
DA:12,1
DA:14,1
DA:15,4
DA:29,1
DA:31,1
DA:32,4
DA:40,1
LF:10
LH:10
BRF:0
BRH:0
end_of_record
TN:
SF:src/components/ui/badge.jsx
FN:25,Badge
FNF:1
FNH:1
FNDA:8,Badge
DA:6,2
DA:26,8
LF:2
LH:2
BRF:0
BRH:0
end_of_record
TN:
SF:src/components/ui/button.jsx
FN:34,(anonymous_0)
FNF:1
FNH:1
FNDA:22,(anonymous_0)
DA:7,4
DA:34,4
DA:35,22
DA:36,22
DA:38,4
LF:5
LH:5
BRDA:34,0,0,22
BRDA:35,1,0,0
BRDA:35,1,1,22
BRF:3
BRH:2
end_of_record
TN:
SF:src/components/ui/card.jsx
FN:5,(anonymous_0)
FN:14,(anonymous_1)
FN:19,(anonymous_2)
FN:28,(anonymous_3)
FN:33,(anonymous_4)
FN:38,(anonymous_5)
FNF:6
FNH:4
FNDA:11,(anonymous_0)
FNDA:3,(anonymous_1)
FNDA:3,(anonymous_2)
FNDA:0,(anonymous_3)
FNDA:11,(anonymous_4)
FNDA:0,(anonymous_5)
DA:5,3
DA:6,11
DA:12,3
DA:14,3
DA:15,3
DA:17,3
DA:19,3
DA:20,3
DA:26,3
DA:28,3
DA:29,0
DA:31,3
DA:33,3
DA:34,11
DA:36,3
DA:38,3
DA:39,0
DA:41,3
LF:18
LH:16
BRF:0
BRH:0
end_of_record
TN:
SF:src/components/ui/dialog.jsx
FN:17,(anonymous_0)
FN:29,(anonymous_1)
FN:50,(anonymous_2)
FN:55,(anonymous_3)
FN:63,(anonymous_4)
FN:72,(anonymous_5)
FNF:6
FNH:1
FNDA:0,(anonymous_0)
FNDA:2,(anonymous_1)
FNDA:0,(anonymous_2)
FNDA:0,(anonymous_3)
FNDA:0,(anonymous_4)
FNDA:0,(anonymous_5)
DA:9,1
DA:11,1
DA:13,1
DA:15,1
DA:17,1
DA:18,0
DA:27,1
DA:29,1
DA:30,2
DA:48,1
DA:50,1
DA:51,0
DA:53,1
DA:55,1
DA:56,0
DA:61,1
DA:63,1
DA:64,0
DA:70,1
DA:72,1
DA:73,0
DA:79,1
LF:22
LH:17
BRF:0
BRH:0
end_of_record
TN:
SF:src/components/ui/input.jsx
FN:5,(anonymous_0)
FNF:1
FNH:1
FNDA:3,(anonymous_0)
DA:5,3
DA:6,3
DA:18,3
LF:3
LH:3
BRF:0
BRH:0
end_of_record
TN:
SF:src/components/ui/label.jsx
FN:11,(anonymous_0)
FNF:1
FNH:0
FNDA:0,(anonymous_0)
DA:7,1
DA:11,1
DA:12,0
DA:14,1
LF:4
LH:3
BRF:0
BRH:0
end_of_record
TN:
SF:src/components/ui/select.jsx
FN:15,(anonymous_0)
FN:32,(anonymous_1)
FN:43,(anonymous_2)
FN:55,(anonymous_3)
FN:85,(anonymous_4)
FN:94,(anonymous_5)
FN:113,(anonymous_6)
FNF:7
FNH:5
FNDA:2,(anonymous_0)
FNDA:2,(anonymous_1)
FNDA:2,(anonymous_2)
FNDA:2,(anonymous_3)
FNDA:0,(anonymous_4)
FNDA:24,(anonymous_5)
FNDA:0,(anonymous_6)
DA:9,1
DA:11,1
DA:13,1
DA:15,1
DA:16,2
DA:30,1
DA:32,1
DA:33,2
DA:41,1
DA:43,1
DA:44,2
DA:52,1
DA:54,1
DA:56,2
DA:83,1
DA:85,1
DA:86,0
DA:92,1
DA:94,1
DA:95,24
DA:111,1
DA:113,1
DA:114,0
DA:120,1
LF:24
LH:22
BRDA:55,0,0,2
BRDA:61,1,0,2
BRDA:61,1,1,2
BRDA:72,2,0,2
BRDA:72,2,1,2
BRF:5
BRH:5
end_of_record
TN:
SF:src/components/ui/sonner.jsx
FN:5,(anonymous_0)
FNF:1
FNH:1
FNDA:1,(anonymous_0)
DA:5,1
DA:6,1
DA:8,1
LF:3
LH:3
BRDA:6,0,0,1
BRF:1
BRH:1
end_of_record
TN:
SF:src/components/ui/tabs.jsx
FN:8,(anonymous_0)
FN:20,(anonymous_1)
FN:32,(anonymous_2)
FNF:3
FNH:3
FNDA:5,(anonymous_0)
FNDA:35,(anonymous_1)
FNDA:35,(anonymous_2)
DA:6,1
DA:8,1
DA:9,5
DA:18,1
DA:20,1
DA:21,35
DA:30,1
DA:32,1
DA:33,35
DA:42,1
LF:10
LH:10
BRF:0
BRH:0
end_of_record
TN:
SF:src/components/ui/textarea.jsx
FN:5,(anonymous_0)
FNF:1
FNH:0
FNDA:0,(anonymous_0)
DA:5,1
DA:6,0
DA:17,1
LF:3
LH:2
BRF:0
BRH:0
end_of_record
TN:
SF:src/lib/calculations.js
FN:17,roundMoney
FN:30,safeNum
FN:40,volumetricWeight
FN:56,chargeableWeight
FN:70,packagingFeeByWeight
FN:106,computeOrderTotals
FN:174,computeInvoiceTotals
FN:203,computeShoppingOrderTotals
FNF:8
FNH:8
FNDA:76,roundMoney
FNDA:101,safeNum
FNDA:5,volumetricWeight
FNDA:4,chargeableWeight
FNDA:5,packagingFeeByWeight
FNDA:5,computeOrderTotals
FNDA:5,computeInvoiceTotals
FNDA:2,computeShoppingOrderTotals
DA:9,1
DA:18,76
DA:19,76
DA:20,75
DA:21,75
DA:31,101
DA:32,101
DA:41,5
DA:42,4
DA:43,4
DA:44,4
DA:45,4
DA:46,3
DA:57,4
DA:58,4
DA:59,3
DA:60,2
DA:61,2
DA:71,5
DA:72,3
DA:73,3
DA:74,2
DA:75,0
DA:107,5
DA:108,5
DA:109,5
DA:110,5
DA:111,5
DA:112,5
DA:113,5
DA:114,5
DA:116,5
DA:117,5
DA:118,5
DA:121,5
DA:122,5
DA:124,5
DA:125,5
DA:126,5
DA:128,0
DA:132,0
DA:133,0
DA:137,5
DA:139,5
DA:142,5
DA:143,5
DA:144,5
DA:146,5
DA:175,5
DA:176,5
DA:177,5
DA:178,5
DA:179,5
DA:180,5
DA:181,5
DA:183,5
DA:184,5
DA:185,5
DA:187,5
DA:204,2
DA:205,2
DA:206,2
DA:207,2
DA:208,2
DA:210,2
DA:211,2
DA:212,2
DA:213,2
DA:214,2
DA:215,2
DA:217,2
LF:71
LH:67
BRDA:17,0,0,64
BRDA:19,1,0,1
BRDA:19,1,1,75
BRDA:30,2,0,88
BRDA:32,3,0,76
BRDA:32,3,1,25
BRDA:41,4,0,1
BRDA:41,4,1,4
BRDA:41,5,0,5
BRDA:41,5,1,4
BRDA:45,6,0,1
BRDA:45,6,1,3
BRDA:45,7,0,4
BRDA:45,7,1,3
BRDA:45,7,2,3
BRDA:58,8,0,1
BRDA:58,8,1,3
BRDA:59,9,0,1
BRDA:59,9,1,2
BRDA:60,10,0,2
BRDA:60,10,1,0
BRDA:71,11,0,2
BRDA:71,11,1,3
BRDA:71,12,0,5
BRDA:71,12,1,2
BRDA:73,13,0,1
BRDA:73,13,1,2
BRDA:74,14,0,2
BRDA:74,14,1,0
BRDA:114,15,0,5
BRDA:114,15,1,0
BRDA:117,16,0,3
BRDA:117,16,1,2
BRDA:122,17,0,1
BRDA:122,17,1,4
BRDA:125,18,0,5
BRDA:125,18,1,5
BRDA:128,19,0,0
BRDA:128,19,1,0
BRDA:128,19,2,0
BRDA:128,19,3,0
BRDA:128,19,4,0
BRDA:128,19,5,0
BRDA:128,19,6,0
BRDA:132,20,0,0
BRDA:132,20,1,0
BRDA:134,21,0,0
BRDA:134,21,1,0
BRDA:144,22,0,3
BRDA:144,22,1,2
BRDA:215,23,0,2
BRDA:215,23,1,0
BRF:52
BRH:37
end_of_record
TN:
SF:src/lib/customerOrderHistory.js
FN:4,toNumber
FN:9,toTimestamp
FN:15,formatServiceLabel
FN:20,buildSearchText
FN:23,(anonymous_4)
FN:27,normalizeShipmentOrder
FN:56,normalizeShoppingOrder
FN:87,buildCustomerOrderHistory
FN:89,(anonymous_8)
FN:90,(anonymous_9)
FN:93,(anonymous_10)
FNF:11
FNH:11
FNDA:18,toNumber
FNDA:9,toTimestamp
FNDA:5,formatServiceLabel
FNDA:9,buildSearchText
FNDA:26,(anonymous_4)
FNDA:5,normalizeShipmentOrder
FNDA:4,normalizeShoppingOrder
FNDA:3,buildCustomerOrderHistory
FNDA:4,(anonymous_8)
FNDA:3,(anonymous_9)
FNDA:5,(anonymous_10)
DA:1,2
DA:2,2
DA:5,18
DA:6,18
DA:10,9
DA:11,9
DA:12,9
DA:16,5
DA:17,1
DA:21,9
DA:23,26
DA:28,5
DA:29,5
DA:30,5
DA:32,5
DA:57,4
DA:59,4
DA:60,4
DA:62,4
DA:88,3
DA:89,4
DA:90,3
DA:93,3
DA:94,5
DA:95,1
LF:25
LH:25
BRDA:6,0,0,11
BRDA:6,0,1,7
BRDA:10,1,0,0
BRDA:10,1,1,9
BRDA:12,2,0,9
BRDA:12,2,1,0
BRDA:16,3,0,4
BRDA:16,3,1,1
BRDA:28,4,0,5
BRDA:28,4,1,0
BRDA:29,5,0,5
BRDA:29,5,1,2
BRDA:30,6,0,5
BRDA:30,6,1,0
BRDA:30,6,2,0
BRDA:33,7,0,5
BRDA:33,7,1,0
BRDA:37,8,0,5
BRDA:37,8,1,3
BRDA:39,9,0,5
BRDA:39,9,1,1
BRDA:40,10,0,5
BRDA:40,10,1,3
BRDA:57,11,0,4
BRDA:57,11,1,0
BRDA:59,12,0,4
BRDA:59,12,1,1
BRDA:59,12,2,1
BRDA:60,13,0,4
BRDA:60,13,1,0
BRDA:60,13,2,0
BRDA:60,13,3,0
BRDA:63,14,0,4
BRDA:63,14,1,0
BRDA:67,15,0,4
BRDA:67,15,1,2
BRDA:67,15,2,2
BRDA:69,16,0,4
BRDA:69,16,1,1
BRDA:70,17,0,4
BRDA:70,17,1,2
BRDA:72,18,0,4
BRDA:72,18,1,4
BRDA:87,19,0,0
BRDA:87,20,0,0
BRDA:94,21,0,4
BRDA:94,21,1,1
BRF:47
BRH:34
end_of_record
TN:
SF:src/lib/utils.js
FN:4,cn
FNF:1
FNH:1
FNDA:184,cn
DA:5,184
LF:1
LH:1
BRF:0
BRH:0
end_of_record
TN:
SF:src/pages/ClientPortal.jsx
FN:56,ClientPortal
FN:79,(anonymous_1)
FN:88,(anonymous_2)
FN:94,(anonymous_3)
FN:107,(anonymous_4)
FN:110,(anonymous_5)
FN:126,(anonymous_6)
FN:139,(anonymous_7)
FN:154,(anonymous_8)
FN:167,(anonymous_9)
FN:173,(anonymous_10)
FN:178,(anonymous_11)
FN:203,(anonymous_12)
FN:220,(anonymous_13)
FN:232,(anonymous_14)
FN:251,(anonymous_15)
FN:277,(anonymous_16)
FN:400,(anonymous_17)
FN:443,(anonymous_18)
FN:507,(anonymous_19)
FN:524,(anonymous_20)
FN:566,(anonymous_21)
FN:610,(anonymous_22)
FN:625,(anonymous_23)
FN:660,(anonymous_24)
FN:675,(anonymous_25)
FN:690,(anonymous_26)
FN:704,(anonymous_27)
FN:746,(anonymous_28)
FN:776,(anonymous_29)
FN:883,(anonymous_30)
FNF:31
FNH:10
FNDA:9,ClientPortal
FNDA:3,(anonymous_1)
FNDA:3,(anonymous_2)
FNDA:0,(anonymous_3)
FNDA:3,(anonymous_4)
FNDA:6,(anonymous_5)
FNDA:6,(anonymous_6)
FNDA:0,(anonymous_7)
FNDA:0,(anonymous_8)
FNDA:0,(anonymous_9)
FNDA:3,(anonymous_10)
FNDA:3,(anonymous_11)
FNDA:0,(anonymous_12)
FNDA:0,(anonymous_13)
FNDA:0,(anonymous_14)
FNDA:3,(anonymous_15)
FNDA:3,(anonymous_16)
FNDA:0,(anonymous_17)
FNDA:0,(anonymous_18)
FNDA:0,(anonymous_19)
FNDA:0,(anonymous_20)
FNDA:0,(anonymous_21)
FNDA:0,(anonymous_22)
FNDA:0,(anonymous_23)
FNDA:0,(anonymous_24)
FNDA:0,(anonymous_25)
FNDA:0,(anonymous_26)
FNDA:0,(anonymous_27)
FNDA:0,(anonymous_28)
FNDA:0,(anonymous_29)
FNDA:0,(anonymous_30)
DA:57,9
DA:58,9
DA:59,9
DA:60,9
DA:61,9
DA:62,9
DA:63,9
DA:64,9
DA:65,9
DA:66,9
DA:67,9
DA:70,9
DA:71,9
DA:72,9
DA:73,9
DA:74,9
DA:75,9
DA:77,9
DA:80,3
DA:81,3
DA:85,9
DA:86,9
DA:88,9
DA:89,3
DA:94,3
DA:95,0
DA:96,0
DA:97,0
DA:98,0
DA:99,0
DA:100,0
DA:101,0
DA:102,0
DA:103,0
DA:107,3
DA:110,9
DA:111,6
DA:112,3
DA:114,3
DA:120,3
DA:121,3
DA:122,3
DA:126,9
DA:127,6
DA:129,3
DA:141,0
DA:142,0
DA:143,0
DA:155,0
DA:156,0
DA:168,0
DA:173,3
DA:174,3
DA:178,9
DA:179,3
DA:180,3
DA:181,3
DA:183,3
DA:185,3
DA:186,3
DA:188,0
DA:189,0
DA:192,3
DA:193,3
DA:195,3
DA:196,0
DA:199,3
DA:200,3
DA:201,3
DA:203,3
DA:211,3
DA:213,3
DA:214,3
DA:218,3
DA:220,0
DA:222,3
DA:223,0
DA:224,0
DA:229,0
DA:232,3
DA:233,0
DA:234,0
DA:237,0
DA:238,0
DA:239,0
DA:241,0
DA:243,0
DA:247,0
DA:251,3
DA:252,3
DA:253,3
DA:254,3
DA:255,3
DA:256,0
DA:260,0
DA:263,3
DA:264,3
DA:265,3
DA:266,3
DA:267,0
DA:271,0
DA:274,3
DA:277,3
DA:278,3
DA:279,3
DA:280,3
DA:281,3
DA:282,3
DA:286,0
DA:289,0
DA:290,0
DA:291,0
DA:292,0
DA:293,0
DA:297,0
DA:300,0
DA:301,0
DA:302,0
DA:303,0
DA:304,0
DA:307,0
DA:311,0
DA:315,3
DA:316,0
DA:317,0
DA:321,3
DA:322,3
DA:323,0
DA:324,0
DA:325,0
DA:326,0
DA:329,3
DA:330,3
DA:331,3
DA:332,3
DA:333,3
DA:334,3
DA:338,0
DA:340,0
DA:341,0
DA:342,0
DA:343,0
DA:344,0
DA:348,0
DA:349,0
DA:356,0
DA:357,0
DA:361,0
DA:362,0
DA:365,0
DA:367,0
DA:370,0
DA:371,0
DA:372,0
DA:373,0
DA:374,0
DA:377,0
DA:381,0
DA:383,0
DA:387,0
DA:389,0
DA:390,0
DA:393,0
DA:394,0
DA:396,3
DA:400,9
DA:401,0
DA:402,0
DA:405,0
DA:406,0
DA:407,0
DA:408,0
DA:411,0
DA:412,0
DA:413,0
DA:414,0
DA:417,0
DA:418,0
DA:423,0
DA:425,0
DA:426,0
DA:428,0
DA:429,0
DA:431,0
DA:434,0
DA:436,0
DA:437,0
DA:439,0
DA:443,9
DA:444,0
DA:445,0
DA:448,0
DA:449,0
DA:450,0
DA:451,0
DA:454,0
DA:455,0
DA:456,0
DA:457,0
DA:460,0
DA:461,0
DA:462,0
DA:463,0
DA:466,0
DA:467,0
DA:478,0
DA:480,0
DA:481,0
DA:483,0
DA:484,0
DA:486,0
DA:487,0
DA:489,0
DA:493,0
DA:494,0
DA:495,0
DA:498,0
DA:500,0
DA:501,0
DA:503,0
DA:507,9
DA:508,0
DA:509,0
DA:510,0
DA:512,0
DA:513,0
DA:516,0
DA:517,0
DA:519,0
DA:520,0
DA:524,9
DA:525,0
DA:528,9
DA:529,3
DA:540,6
DA:541,0
DA:567,0
DA:610,0
DA:625,0
DA:660,0
DA:675,0
DA:690,0
DA:704,0
DA:732,6
DA:733,0
DA:746,0
DA:762,6
DA:763,0
DA:776,0
DA:791,6
DA:883,0
LF:251
LH:94
BRDA:81,0,0,3
BRDA:81,0,1,3
BRDA:85,1,0,9
BRDA:85,1,1,9
BRDA:95,2,0,0
BRDA:95,2,1,0
BRDA:97,3,0,0
BRDA:97,3,1,0
BRDA:111,4,0,3
BRDA:111,4,1,3
BRDA:111,5,0,6
BRDA:111,5,1,3
BRDA:112,6,0,0
BRDA:112,6,1,3
BRDA:127,7,0,3
BRDA:127,7,1,3
BRDA:127,8,0,6
BRDA:127,8,1,3
BRDA:186,9,0,0
BRDA:186,9,1,3
BRDA:195,10,0,0
BRDA:195,10,1,3
BRDA:200,11,0,3
BRDA:200,11,1,0
BRDA:201,12,0,3
BRDA:201,12,1,0
BRDA:204,13,0,0
BRDA:204,13,1,0
BRDA:205,14,0,0
BRDA:205,14,1,0
BRDA:205,14,2,0
BRDA:220,15,0,0
BRDA:220,15,1,0
BRDA:222,16,0,0
BRDA:222,16,1,3
BRDA:233,17,0,0
BRDA:233,17,1,0
BRDA:233,18,0,0
BRDA:233,18,1,0
BRDA:233,18,2,0
BRDA:238,19,0,0
BRDA:238,19,1,0
BRDA:253,20,0,3
BRDA:253,20,1,0
BRDA:253,21,0,3
BRDA:253,21,1,3
BRDA:255,22,0,0
BRDA:255,22,1,3
BRDA:264,23,0,3
BRDA:264,23,1,0
BRDA:266,24,0,0
BRDA:266,24,1,3
BRDA:279,25,0,3
BRDA:279,25,1,0
BRDA:279,26,0,3
BRDA:279,26,1,3
BRDA:281,27,0,3
BRDA:281,27,1,0
BRDA:290,28,0,0
BRDA:290,28,1,0
BRDA:292,29,0,0
BRDA:292,29,1,0
BRDA:300,30,0,0
BRDA:300,30,1,0
BRDA:303,31,0,0
BRDA:303,31,1,0
BRDA:315,32,0,0
BRDA:315,32,1,3
BRDA:315,33,0,3
BRDA:315,33,1,3
BRDA:322,34,0,0
BRDA:322,34,1,3
BRDA:330,35,0,3
BRDA:330,35,1,0
BRDA:341,36,0,0
BRDA:341,36,1,0
BRDA:350,37,0,0
BRDA:350,37,1,0
BRDA:350,37,2,0
BRDA:356,38,0,0
BRDA:356,38,1,0
BRDA:356,39,0,0
BRDA:356,39,1,0
BRDA:365,40,0,0
BRDA:365,40,1,0
BRDA:367,41,0,0
BRDA:367,41,1,0
BRDA:367,42,0,0
BRDA:367,42,1,0
BRDA:368,43,0,0
BRDA:368,43,1,0
BRDA:370,44,0,0
BRDA:370,44,1,0
BRDA:370,45,0,0
BRDA:370,45,1,0
BRDA:374,46,0,0
BRDA:374,46,1,0
BRDA:405,47,0,0
BRDA:405,47,1,0
BRDA:405,48,0,0
BRDA:405,48,1,0
BRDA:411,49,0,0
BRDA:411,49,1,0
BRDA:423,50,0,0
BRDA:423,50,1,0
BRDA:425,51,0,0
BRDA:425,51,1,0
BRDA:428,52,0,0
BRDA:428,52,1,0
BRDA:437,53,0,0
BRDA:437,53,1,0
BRDA:448,54,0,0
BRDA:448,54,1,0
BRDA:448,55,0,0
BRDA:448,55,1,0
BRDA:454,56,0,0
BRDA:454,56,1,0
BRDA:454,57,0,0
BRDA:454,57,1,0
BRDA:460,58,0,0
BRDA:460,58,1,0
BRDA:460,59,0,0
BRDA:460,59,1,0
BRDA:473,60,0,0
BRDA:473,60,1,0
BRDA:478,61,0,0
BRDA:478,61,1,0
BRDA:480,62,0,0
BRDA:480,62,1,0
BRDA:483,63,0,0
BRDA:483,63,1,0
BRDA:483,64,0,0
BRDA:483,64,1,0
BRDA:486,65,0,0
BRDA:486,65,1,0
BRDA:493,66,0,0
BRDA:493,66,1,0
BRDA:501,67,0,0
BRDA:501,67,1,0
BRDA:508,68,0,0
BRDA:508,68,1,0
BRDA:508,69,0,0
BRDA:508,69,1,0
BRDA:516,70,0,0
BRDA:516,70,1,0
BRDA:520,71,0,0
BRDA:520,71,1,0
BRDA:528,72,0,3
BRDA:528,72,1,6
BRDA:540,73,0,0
BRDA:540,73,1,6
BRDA:635,74,0,0
BRDA:635,74,1,0
BRDA:715,75,0,0
BRDA:715,75,1,0
BRDA:732,76,0,0
BRDA:732,76,1,6
BRDA:762,77,0,0
BRDA:762,77,1,6
BRDA:762,78,0,6
BRDA:762,78,1,6
BRDA:798,79,0,0
BRDA:798,79,1,6
BRDA:808,80,0,6
BRDA:808,80,1,0
BRDA:818,81,0,6
BRDA:818,81,1,0
BRDA:818,81,2,0
BRDA:822,82,0,6
BRDA:822,82,1,0
BRDA:822,82,2,0
BRDA:835,83,0,6
BRDA:835,83,1,6
BRDA:835,83,2,0
BRDA:844,84,0,6
BRDA:844,84,1,0
BRF:176
BRH:47
end_of_record
TN:
SF:src/pages/LandingPage.jsx
FN:33,LandingPage
FN:39,(anonymous_1)
FN:70,(anonymous_2)
FN:129,(anonymous_3)
FN:142,(anonymous_4)
FN:149,(anonymous_5)
FN:156,(anonymous_6)
FN:161,(anonymous_7)
FN:166,(anonymous_8)
FN:212,(anonymous_9)
FN:423,(anonymous_10)
FN:465,(anonymous_11)
FN:469,(anonymous_12)
FNF:13
FNH:4
FNDA:1,LandingPage
FNDA:0,(anonymous_1)
FNDA:0,(anonymous_2)
FNDA:0,(anonymous_3)
FNDA:0,(anonymous_4)
FNDA:0,(anonymous_5)
FNDA:0,(anonymous_6)
FNDA:0,(anonymous_7)
FNDA:0,(anonymous_8)
FNDA:0,(anonymous_9)
FNDA:3,(anonymous_10)
FNDA:3,(anonymous_11)
FNDA:15,(anonymous_12)
DA:34,1
DA:35,1
DA:36,1
DA:37,1
DA:39,1
DA:40,0
DA:41,0
DA:43,0
DA:44,0
DA:45,0
DA:48,0
DA:49,0
DA:51,0
DA:54,0
DA:55,0
DA:57,0
DA:61,1
DA:70,0
DA:129,0
DA:142,0
DA:149,0
DA:156,0
DA:161,0
DA:166,0
DA:212,0
DA:424,3
DA:466,3
DA:470,15
LF:28
LH:9
BRDA:41,0,0,0
BRDA:41,0,1,0
BRDA:48,1,0,0
BRDA:48,1,1,0
BRDA:131,2,0,0
BRDA:131,2,1,1
BRDA:137,3,0,1
BRDA:137,3,1,0
BRDA:220,4,0,0
BRDA:220,4,1,1
BRF:10
BRH:3
end_of_record
TN:
SF:src/pages/clientPortalDeepLink.js
FN:13,resolvePortalDeepLink
FNF:1
FNH:1
FNDA:8,resolvePortalDeepLink
DA:1,2
DA:11,2
DA:14,8
DA:15,8
DA:16,8
DA:18,8
DA:19,0
DA:22,8
DA:23,8
DA:24,8
DA:27,8
DA:28,2
DA:31,6
LF:13
LH:12
BRDA:13,0,0,0
BRDA:13,1,0,5
BRDA:14,2,0,8
BRDA:14,2,1,0
BRDA:15,3,0,8
BRDA:15,3,1,0
BRDA:16,4,0,8
BRDA:16,4,1,5
BRDA:18,5,0,0
BRDA:18,5,1,8
BRDA:22,6,0,6
BRDA:22,6,1,2
BRDA:23,7,0,8
BRDA:23,7,1,8
BRDA:24,8,0,5
BRDA:24,8,1,3
BRDA:24,9,0,8
BRDA:24,9,1,8
BRDA:27,10,0,2
BRDA:27,10,1,6
BRDA:27,11,0,8
BRDA:27,11,1,6
BRDA:33,12,0,4
BRDA:33,12,1,2
BRF:24
BRH:20
end_of_record
TN:
SF:src/pages/layoutRouteGuards.js
FN:4,shouldBypassAppLayout
FN:9,(anonymous_1)
FNF:2
FNH:2
FNDA:9,shouldBypassAppLayout
FNDA:12,(anonymous_1)
DA:1,1
DA:2,1
DA:5,9
DA:6,2
DA:9,12
LF:5
LH:5
BRDA:4,0,0,0
BRDA:5,1,0,2
BRDA:5,1,1,7
BRF:3
BRH:2
end_of_record
TN:
SF:src/pages/procurementQueryKeys.js
FN:3,invalidateProcurementInvoiceQueries
FNF:1
FNH:1
FNDA:1,invalidateProcurementInvoiceQueries
DA:1,1
DA:4,1
LF:2
LH:2
BRF:0
BRH:0
end_of_record
TN:
SF:src/pages/shoppingOrderFilters.js
FN:1,isUnpaidShoppingOrder
FN:5,filterShoppingOrders
FN:9,(anonymous_2)
FNF:3
FNH:3
FNDA:8,isUnpaidShoppingOrder
FNDA:2,filterShoppingOrders
FNDA:8,(anonymous_2)
DA:2,8
DA:9,2
DA:10,8
DA:11,8
DA:12,0
DA:13,8
DA:14,8
DA:16,5
DA:18,2
DA:19,1
DA:20,1
DA:27,1
LF:12
LH:11
BRDA:2,0,0,8
BRDA:2,0,1,4
BRDA:7,1,0,0
BRDA:7,2,0,0
BRDA:7,3,0,1
BRDA:7,4,0,1
BRDA:10,5,0,0
BRDA:10,5,1,8
BRDA:10,6,0,8
BRDA:10,6,1,0
BRDA:11,7,0,0
BRDA:11,7,1,8
BRDA:11,8,0,8
BRDA:11,8,1,0
BRDA:13,9,0,0
BRDA:13,9,1,8
BRDA:13,10,0,8
BRDA:13,10,1,0
BRDA:14,11,0,3
BRDA:14,11,1,5
BRDA:14,12,0,8
BRDA:14,12,1,4
BRDA:16,13,0,3
BRDA:16,13,1,2
BRDA:16,14,0,5
BRDA:16,14,1,4
BRDA:18,15,0,1
BRDA:18,15,1,1
BRDA:21,16,0,1
BRDA:21,16,1,1
BRDA:21,16,2,1
BRDA:21,17,0,1
BRDA:21,17,1,0
BRDA:22,18,0,1
BRDA:22,18,1,0
BRDA:23,19,0,1
BRDA:23,19,1,0
BRF:37
BRH:26
end_of_record
